[2018-07-24 18:35:13.289] [renderer1] [info] standard startup {"version":"1.25.1","ellapsed":1515,"timers":{"ellapsedExtensions":867,"ellapsedExtensionsReady":1872,"ellapsedRequire":429,"ellapsedEditorRestore":346,"ellapsedViewletRestore":23,"ellapsedWorkbench":515,"ellapsedWindowLoadToRequire":237,"ellapsedTimersToTimersComputed":20,"ellapsedNlsGeneration":0,"ellapsedAppReady":63,"ellapsedWindowLoad":261},"platform":"linux","release":"4.15.0-29-generic","arch":"x64","totalmem":8275484672,"freemem":4216782848,"meminfo":{"workingSetSize":304460,"peakWorkingSetSize":306436,"privateBytes":226712,"sharedBytes":77752},"cpus":{"count":4,"speed":2647,"model":"Intel(R) Core(TM) i5-7200U CPU @ 2.50GHz"},"loadavg":[1.26220703125,0.82080078125,0.69775390625],"initialStartup":true,"isVMLikelyhood":0,"hasAccessibilitySupport":false,"emptyWorkbench":false,"common.machineId":"ea7d9225b90678ba5130162aaadde2982bec0f6ce7ce1a7fc3cbb6d071aaee49","sessionID":"0d14ca54-fc18-4240-a388-83a1d9590ca41532424909752","commitHash":"1dfc5e557209371715f655691b1235b6b26a06be","common.platformVersion":"4.15.0","common.platform":"Linux","common.nodePlatform":"linux","common.nodeArch":"x64","timestamp":"2018-07-24T09:35:13.288Z","common.timesincesessionstart":3535,"common.sequence":22,"common.version.shell":"1.7.12","common.version.renderer":"58.0.3029.110","common.firstSessionDate":"Tue, 24 Jul 2018 01:49:30 GMT","common.lastSessionDate":"Tue, 24 Jul 2018 09:33:56 GMT","common.isNewSession":"0","common.instanceId":"1fc54930-e198-454f-8ee3-b21a8400f9de"}
[2018-07-24 18:35:13.555] [renderer1] [error] Unable to write into user settings because the file is dirty. Please save the user settings file first and then try again.: Error: Unable to write into user settings because the file is dirty. Please save the user settings file first and then try again.
    at new t (file:///usr/share/code/resources/app/out/vs/workbench/workbench.main.js:3979:379)
    at e.wrapError (file:///usr/share/code/resources/app/out/vs/workbench/workbench.main.js:3983:262)
    at file:///usr/share/code/resources/app/out/vs/workbench/workbench.main.js:3987:568
    at Object.g [as _notify] (file:///usr/share/code/resources/app/out/vs/workbench/workbench.main.js:150:807)
    at Object.enter (file:///usr/share/code/resources/app/out/vs/workbench/workbench.main.js:154:85)
    at n.Class.derive._creator._run (file:///usr/share/code/resources/app/out/vs/workbench/workbench.main.js:155:896)
    at n.Class.derive._creator._completed (file:///usr/share/code/resources/app/out/vs/workbench/workbench.main.js:155:337)
    at n.Class.derive._creator.then (file:///usr/share/code/resources/app/out/vs/workbench/workbench.main.js:157:366)
    at Object.enter (file:///usr/share/code/resources/app/out/vs/workbench/workbench.main.js:153:184)
    at n.Class.derive._creator._run (file:///usr/share/code/resources/app/out/vs/workbench/workbench.main.js:155:896)
    at n.Class.derive._creator._setCompleteValue (file:///usr/share/code/resources/app/out/vs/workbench/workbench.main.js:155:590)
    at Object.g [as _notify] (file:///usr/share/code/resources/app/out/vs/workbench/workbench.main.js:150:787)
    at Object.enter (file:///usr/share/code/resources/app/out/vs/workbench/workbench.main.js:154:85)
    at n.Class.derive._creator._run (file:///usr/share/code/resources/app/out/vs/workbench/workbench.main.js:155:896)
    at n.Class.derive._creator._completed (file:///usr/share/code/resources/app/out/vs/workbench/workbench.main.js:155:337)
    at n.Class.define.cancel.then (file:///usr/share/code/resources/app/out/vs/workbench/workbench.main.js:157:366)
    at Object.enter (file:///usr/share/code/resources/app/out/vs/workbench/workbench.main.js:153:184)
    at n.Class.derive._creator._run (file:///usr/share/code/resources/app/out/vs/workbench/workbench.main.js:155:896)
    at n.Class.derive._creator._setCompleteValue (file:///usr/share/code/resources/app/out/vs/workbench/workbench.main.js:155:590)
    at Object.g [as _notify] (file:///usr/share/code/resources/app/out/vs/workbench/workbench.main.js:150:787)
    at Object.enter (file:///usr/share/code/resources/app/out/vs/workbench/workbench.main.js:154:85)
    at n.Class.derive._oncancel._run (file:///usr/share/code/resources/app/out/vs/workbench/workbench.main.js:155:896)
    at n.Class.derive._oncancel._completed (file:///usr/share/code/resources/app/out/vs/workbench/workbench.main.js:155:337)
    at file:///usr/share/code/resources/app/out/vs/workbench/workbench.main.js:199:98
    at file:///usr/share/code/resources/app/out/vs/workbench/workbench.main.js:287:124
    at /usr/share/code/resources/app/node_modules.asar/graceful-fs/polyfills.js:287:18
    at FSReqWrap.oncomplete (original-fs.js:114:15)
[2018-07-24 18:35:19.414] [renderer1] [error] Unable to write into user settings because the file is dirty. Please save the user settings file first and then try again.: Error: Unable to write into user settings because the file is dirty. Please save the user settings file first and then try again.
    at new t (file:///usr/share/code/resources/app/out/vs/workbench/workbench.main.js:3979:379)
    at e.wrapError (file:///usr/share/code/resources/app/out/vs/workbench/workbench.main.js:3983:262)
    at file:///usr/share/code/resources/app/out/vs/workbench/workbench.main.js:3987:568
    at Object.g [as _notify] (file:///usr/share/code/resources/app/out/vs/workbench/workbench.main.js:150:807)
    at Object.enter (file:///usr/share/code/resources/app/out/vs/workbench/workbench.main.js:154:85)
    at n.Class.derive._creator._run (file:///usr/share/code/resources/app/out/vs/workbench/workbench.main.js:155:896)
    at n.Class.derive._creator._completed (file:///usr/share/code/resources/app/out/vs/workbench/workbench.main.js:155:337)
    at n.Class.derive._creator.then (file:///usr/share/code/resources/app/out/vs/workbench/workbench.main.js:157:366)
    at Object.enter (file:///usr/share/code/resources/app/out/vs/workbench/workbench.main.js:153:184)
    at n.Class.derive._creator._run (file:///usr/share/code/resources/app/out/vs/workbench/workbench.main.js:155:896)
    at n.Class.derive._creator._setCompleteValue (file:///usr/share/code/resources/app/out/vs/workbench/workbench.main.js:155:590)
    at Object.g [as _notify] (file:///usr/share/code/resources/app/out/vs/workbench/workbench.main.js:150:787)
    at Object.enter (file:///usr/share/code/resources/app/out/vs/workbench/workbench.main.js:154:85)
    at n.Class.derive._creator._run (file:///usr/share/code/resources/app/out/vs/workbench/workbench.main.js:155:896)
    at n.Class.derive._creator._completed (file:///usr/share/code/resources/app/out/vs/workbench/workbench.main.js:155:337)
    at n.Class.define.cancel.then (file:///usr/share/code/resources/app/out/vs/workbench/workbench.main.js:157:366)
    at Object.enter (file:///usr/share/code/resources/app/out/vs/workbench/workbench.main.js:153:184)
    at n.Class.derive._creator._run (file:///usr/share/code/resources/app/out/vs/workbench/workbench.main.js:155:896)
    at n.Class.derive._creator._setCompleteValue (file:///usr/share/code/resources/app/out/vs/workbench/workbench.main.js:155:590)
    at Object.g [as _notify] (file:///usr/share/code/resources/app/out/vs/workbench/workbench.main.js:150:787)
    at Object.enter (file:///usr/share/code/resources/app/out/vs/workbench/workbench.main.js:154:85)
    at n.Class.derive._oncancel._run (file:///usr/share/code/resources/app/out/vs/workbench/workbench.main.js:155:896)
    at n.Class.derive._oncancel._completed (file:///usr/share/code/resources/app/out/vs/workbench/workbench.main.js:155:337)
    at file:///usr/share/code/resources/app/out/vs/workbench/workbench.main.js:199:98
    at file:///usr/share/code/resources/app/out/vs/workbench/workbench.main.js:287:124
    at /usr/share/code/resources/app/node_modules.asar/graceful-fs/polyfills.js:287:18
    at FSReqWrap.oncomplete (original-fs.js:114:15)
[2018-07-24 18:35:24.681] [renderer1] [error] Unable to write into user settings because the file is dirty. Please save the user settings file first and then try again.: Error: Unable to write into user settings because the file is dirty. Please save the user settings file first and then try again.
    at new t (file:///usr/share/code/resources/app/out/vs/workbench/workbench.main.js:3979:379)
    at e.wrapError (file:///usr/share/code/resources/app/out/vs/workbench/workbench.main.js:3983:262)
    at file:///usr/share/code/resources/app/out/vs/workbench/workbench.main.js:3987:568
    at Object.g [as _notify] (file:///usr/share/code/resources/app/out/vs/workbench/workbench.main.js:150:807)
    at Object.enter (file:///usr/share/code/resources/app/out/vs/workbench/workbench.main.js:154:85)
    at n.Class.derive._creator._run (file:///usr/share/code/resources/app/out/vs/workbench/workbench.main.js:155:896)
    at n.Class.derive._creator._completed (file:///usr/share/code/resources/app/out/vs/workbench/workbench.main.js:155:337)
    at n.Class.derive._creator.then (file:///usr/share/code/resources/app/out/vs/workbench/workbench.main.js:157:366)
    at Object.enter (file:///usr/share/code/resources/app/out/vs/workbench/workbench.main.js:153:184)
    at n.Class.derive._creator._run (file:///usr/share/code/resources/app/out/vs/workbench/workbench.main.js:155:896)
    at n.Class.derive._creator._setCompleteValue (file:///usr/share/code/resources/app/out/vs/workbench/workbench.main.js:155:590)
    at Object.g [as _notify] (file:///usr/share/code/resources/app/out/vs/workbench/workbench.main.js:150:787)
    at Object.enter (file:///usr/share/code/resources/app/out/vs/workbench/workbench.main.js:154:85)
    at n.Class.derive._creator._run (file:///usr/share/code/resources/app/out/vs/workbench/workbench.main.js:155:896)
    at n.Class.derive._creator._completed (file:///usr/share/code/resources/app/out/vs/workbench/workbench.main.js:155:337)
    at n.Class.define.cancel.then (file:///usr/share/code/resources/app/out/vs/workbench/workbench.main.js:157:366)
    at Object.enter (file:///usr/share/code/resources/app/out/vs/workbench/workbench.main.js:153:184)
    at n.Class.derive._creator._run (file:///usr/share/code/resources/app/out/vs/workbench/workbench.main.js:155:896)
    at n.Class.derive._creator._setCompleteValue (file:///usr/share/code/resources/app/out/vs/workbench/workbench.main.js:155:590)
    at Object.g [as _notify] (file:///usr/share/code/resources/app/out/vs/workbench/workbench.main.js:150:787)
    at Object.enter (file:///usr/share/code/resources/app/out/vs/workbench/workbench.main.js:154:85)
    at n.Class.derive._oncancel._run (file:///usr/share/code/resources/app/out/vs/workbench/workbench.main.js:155:896)
    at n.Class.derive._oncancel._completed (file:///usr/share/code/resources/app/out/vs/workbench/workbench.main.js:155:337)
    at file:///usr/share/code/resources/app/out/vs/workbench/workbench.main.js:199:98
    at file:///usr/share/code/resources/app/out/vs/workbench/workbench.main.js:287:124
    at /usr/share/code/resources/app/node_modules.asar/graceful-fs/polyfills.js:287:18
    at FSReqWrap.oncomplete (original-fs.js:114:15)
[2018-07-24 18:35:33.812] [renderer1] [error] Unable to write into user settings because the file is dirty. Please save the user settings file first and then try again.: Error: Unable to write into user settings because the file is dirty. Please save the user settings file first and then try again.
    at new t (file:///usr/share/code/resources/app/out/vs/workbench/workbench.main.js:3979:379)
    at e.wrapError (file:///usr/share/code/resources/app/out/vs/workbench/workbench.main.js:3983:262)
    at file:///usr/share/code/resources/app/out/vs/workbench/workbench.main.js:3987:568
    at Object.g [as _notify] (file:///usr/share/code/resources/app/out/vs/workbench/workbench.main.js:150:807)
    at Object.enter (file:///usr/share/code/resources/app/out/vs/workbench/workbench.main.js:154:85)
    at n.Class.derive._creator._run (file:///usr/share/code/resources/app/out/vs/workbench/workbench.main.js:155:896)
    at n.Class.derive._creator._completed (file:///usr/share/code/resources/app/out/vs/workbench/workbench.main.js:155:337)
    at n.Class.derive._creator.then (file:///usr/share/code/resources/app/out/vs/workbench/workbench.main.js:157:366)
    at Object.enter (file:///usr/share/code/resources/app/out/vs/workbench/workbench.main.js:153:184)
    at n.Class.derive._creator._run (file:///usr/share/code/resources/app/out/vs/workbench/workbench.main.js:155:896)
    at n.Class.derive._creator._setCompleteValue (file:///usr/share/code/resources/app/out/vs/workbench/workbench.main.js:155:590)
    at Object.g [as _notify] (file:///usr/share/code/resources/app/out/vs/workbench/workbench.main.js:150:787)
    at Object.enter (file:///usr/share/code/resources/app/out/vs/workbench/workbench.main.js:154:85)
    at n.Class.derive._creator._run (file:///usr/share/code/resources/app/out/vs/workbench/workbench.main.js:155:896)
    at n.Class.derive._creator._completed (file:///usr/share/code/resources/app/out/vs/workbench/workbench.main.js:155:337)
    at n.Class.define.cancel.then (file:///usr/share/code/resources/app/out/vs/workbench/workbench.main.js:157:366)
    at Object.enter (file:///usr/share/code/resources/app/out/vs/workbench/workbench.main.js:153:184)
    at n.Class.derive._creator._run (file:///usr/share/code/resources/app/out/vs/workbench/workbench.main.js:155:896)
    at n.Class.derive._creator._setCompleteValue (file:///usr/share/code/resources/app/out/vs/workbench/workbench.main.js:155:590)
    at Object.g [as _notify] (file:///usr/share/code/resources/app/out/vs/workbench/workbench.main.js:150:787)
    at Object.enter (file:///usr/share/code/resources/app/out/vs/workbench/workbench.main.js:154:85)
    at n.Class.derive._oncancel._run (file:///usr/share/code/resources/app/out/vs/workbench/workbench.main.js:155:896)
    at n.Class.derive._oncancel._completed (file:///usr/share/code/resources/app/out/vs/workbench/workbench.main.js:155:337)
    at file:///usr/share/code/resources/app/out/vs/workbench/workbench.main.js:199:98
    at file:///usr/share/code/resources/app/out/vs/workbench/workbench.main.js:287:124
    at /usr/share/code/resources/app/node_modules.asar/graceful-fs/polyfills.js:287:18
    at FSReqWrap.oncomplete (original-fs.js:114:15)
[2018-07-24 18:35:39.231] [renderer1] [error] Unable to write into user settings. Please open the user settings to correct errors/warnings in it and try again.: Error: Unable to write into user settings. Please open the user settings to correct errors/warnings in it and try again.
    at new t (file:///usr/share/code/resources/app/out/vs/workbench/workbench.main.js:3979:379)
    at e.wrapError (file:///usr/share/code/resources/app/out/vs/workbench/workbench.main.js:3983:262)
    at file:///usr/share/code/resources/app/out/vs/workbench/workbench.main.js:3987:480
    at Object.g [as _notify] (file:///usr/share/code/resources/app/out/vs/workbench/workbench.main.js:150:807)
    at Object.enter (file:///usr/share/code/resources/app/out/vs/workbench/workbench.main.js:154:85)
    at n.Class.derive._creator._run (file:///usr/share/code/resources/app/out/vs/workbench/workbench.main.js:155:896)
    at n.Class.derive._creator._completed (file:///usr/share/code/resources/app/out/vs/workbench/workbench.main.js:155:337)
    at n.Class.derive._creator.then (file:///usr/share/code/resources/app/out/vs/workbench/workbench.main.js:157:366)
    at Object.enter (file:///usr/share/code/resources/app/out/vs/workbench/workbench.main.js:153:184)
    at n.Class.derive._creator._run (file:///usr/share/code/resources/app/out/vs/workbench/workbench.main.js:155:896)
    at n.Class.derive._creator._setCompleteValue (file:///usr/share/code/resources/app/out/vs/workbench/workbench.main.js:155:590)
    at Object.g [as _notify] (file:///usr/share/code/resources/app/out/vs/workbench/workbench.main.js:150:787)
    at Object.enter (file:///usr/share/code/resources/app/out/vs/workbench/workbench.main.js:154:85)
    at n.Class.derive._creator._run (file:///usr/share/code/resources/app/out/vs/workbench/workbench.main.js:155:896)
    at n.Class.derive._creator._completed (file:///usr/share/code/resources/app/out/vs/workbench/workbench.main.js:155:337)
    at n.Class.define.cancel.then (file:///usr/share/code/resources/app/out/vs/workbench/workbench.main.js:157:366)
    at Object.enter (file:///usr/share/code/resources/app/out/vs/workbench/workbench.main.js:153:184)
    at n.Class.derive._creator._run (file:///usr/share/code/resources/app/out/vs/workbench/workbench.main.js:155:896)
    at n.Class.derive._creator._setCompleteValue (file:///usr/share/code/resources/app/out/vs/workbench/workbench.main.js:155:590)
    at Object.g [as _notify] (file:///usr/share/code/resources/app/out/vs/workbench/workbench.main.js:150:787)
    at Object.enter (file:///usr/share/code/resources/app/out/vs/workbench/workbench.main.js:154:85)
    at n.Class.derive._oncancel._run (file:///usr/share/code/resources/app/out/vs/workbench/workbench.main.js:155:896)
    at n.Class.derive._oncancel._completed (file:///usr/share/code/resources/app/out/vs/workbench/workbench.main.js:155:337)
    at file:///usr/share/code/resources/app/out/vs/workbench/workbench.main.js:199:98
    at file:///usr/share/code/resources/app/out/vs/workbench/workbench.main.js:287:124
    at /usr/share/code/resources/app/node_modules.asar/graceful-fs/polyfills.js:287:18
    at FSReqWrap.oncomplete (original-fs.js:114:15)
[2018-07-24 18:36:13.253] [renderer1] [error] Unable to write into user settings because the file is dirty. Please save the user settings file first and then try again.: Error: Unable to write into user settings because the file is dirty. Please save the user settings file first and then try again.
    at new t (file:///usr/share/code/resources/app/out/vs/workbench/workbench.main.js:3979:379)
    at e.wrapError (file:///usr/share/code/resources/app/out/vs/workbench/workbench.main.js:3983:262)
    at file:///usr/share/code/resources/app/out/vs/workbench/workbench.main.js:3987:568
    at Object.g [as _notify] (file:///usr/share/code/resources/app/out/vs/workbench/workbench.main.js:150:807)
    at Object.enter (file:///usr/share/code/resources/app/out/vs/workbench/workbench.main.js:154:85)
    at n.Class.derive._creator._run (file:///usr/share/code/resources/app/out/vs/workbench/workbench.main.js:155:896)
    at n.Class.derive._creator._completed (file:///usr/share/code/resources/app/out/vs/workbench/workbench.main.js:155:337)
    at n.Class.derive._creator.then (file:///usr/share/code/resources/app/out/vs/workbench/workbench.main.js:157:366)
    at Object.enter (file:///usr/share/code/resources/app/out/vs/workbench/workbench.main.js:153:184)
    at n.Class.derive._creator._run (file:///usr/share/code/resources/app/out/vs/workbench/workbench.main.js:155:896)
    at n.Class.derive._creator._setCompleteValue (file:///usr/share/code/resources/app/out/vs/workbench/workbench.main.js:155:590)
    at Object.g [as _notify] (file:///usr/share/code/resources/app/out/vs/workbench/workbench.main.js:150:787)
    at Object.enter (file:///usr/share/code/resources/app/out/vs/workbench/workbench.main.js:154:85)
    at n.Class.derive._creator._run (file:///usr/share/code/resources/app/out/vs/workbench/workbench.main.js:155:896)
    at n.Class.derive._creator._completed (file:///usr/share/code/resources/app/out/vs/workbench/workbench.main.js:155:337)
    at n.Class.define.cancel.then (file:///usr/share/code/resources/app/out/vs/workbench/workbench.main.js:157:366)
    at Object.enter (file:///usr/share/code/resources/app/out/vs/workbench/workbench.main.js:153:184)
    at n.Class.derive._creator._run (file:///usr/share/code/resources/app/out/vs/workbench/workbench.main.js:155:896)
    at n.Class.derive._creator._setCompleteValue (file:///usr/share/code/resources/app/out/vs/workbench/workbench.main.js:155:590)
    at Object.g [as _notify] (file:///usr/share/code/resources/app/out/vs/workbench/workbench.main.js:150:787)
    at Object.enter (file:///usr/share/code/resources/app/out/vs/workbench/workbench.main.js:154:85)
    at n.Class.derive._oncancel._run (file:///usr/share/code/resources/app/out/vs/workbench/workbench.main.js:155:896)
    at n.Class.derive._oncancel._completed (file:///usr/share/code/resources/app/out/vs/workbench/workbench.main.js:155:337)
    at file:///usr/share/code/resources/app/out/vs/workbench/workbench.main.js:199:98
    at file:///usr/share/code/resources/app/out/vs/workbench/workbench.main.js:287:124
    at /usr/share/code/resources/app/node_modules.asar/graceful-fs/polyfills.js:287:18
    at FSReqWrap.oncomplete (original-fs.js:114:15)
[2018-07-24 18:36:14.912] [renderer1] [error] Unable to write into user settings. Please open the user settings to correct errors/warnings in it and try again.: Error: Unable to write into user settings. Please open the user settings to correct errors/warnings in it and try again.
    at new t (file:///usr/share/code/resources/app/out/vs/workbench/workbench.main.js:3979:379)
    at e.wrapError (file:///usr/share/code/resources/app/out/vs/workbench/workbench.main.js:3983:262)
    at file:///usr/share/code/resources/app/out/vs/workbench/workbench.main.js:3987:480
    at Object.g [as _notify] (file:///usr/share/code/resources/app/out/vs/workbench/workbench.main.js:150:807)
    at Object.enter (file:///usr/share/code/resources/app/out/vs/workbench/workbench.main.js:154:85)
    at n.Class.derive._creator._run (file:///usr/share/code/resources/app/out/vs/workbench/workbench.main.js:155:896)
    at n.Class.derive._creator._completed (file:///usr/share/code/resources/app/out/vs/workbench/workbench.main.js:155:337)
    at n.Class.derive._creator.then (file:///usr/share/code/resources/app/out/vs/workbench/workbench.main.js:157:366)
    at Object.enter (file:///usr/share/code/resources/app/out/vs/workbench/workbench.main.js:153:184)
    at n.Class.derive._creator._run (file:///usr/share/code/resources/app/out/vs/workbench/workbench.main.js:155:896)
    at n.Class.derive._creator._setCompleteValue (file:///usr/share/code/resources/app/out/vs/workbench/workbench.main.js:155:590)
    at Object.g [as _notify] (file:///usr/share/code/resources/app/out/vs/workbench/workbench.main.js:150:787)
    at Object.enter (file:///usr/share/code/resources/app/out/vs/workbench/workbench.main.js:154:85)
    at n.Class.derive._creator._run (file:///usr/share/code/resources/app/out/vs/workbench/workbench.main.js:155:896)
    at n.Class.derive._creator._completed (file:///usr/share/code/resources/app/out/vs/workbench/workbench.main.js:155:337)
    at n.Class.define.cancel.then (file:///usr/share/code/resources/app/out/vs/workbench/workbench.main.js:157:366)
    at Object.enter (file:///usr/share/code/resources/app/out/vs/workbench/workbench.main.js:153:184)
    at n.Class.derive._creator._run (file:///usr/share/code/resources/app/out/vs/workbench/workbench.main.js:155:896)
    at n.Class.derive._creator._setCompleteValue (file:///usr/share/code/resources/app/out/vs/workbench/workbench.main.js:155:590)
    at Object.g [as _notify] (file:///usr/share/code/resources/app/out/vs/workbench/workbench.main.js:150:787)
    at Object.enter (file:///usr/share/code/resources/app/out/vs/workbench/workbench.main.js:154:85)
    at n.Class.derive._oncancel._run (file:///usr/share/code/resources/app/out/vs/workbench/workbench.main.js:155:896)
    at n.Class.derive._oncancel._completed (file:///usr/share/code/resources/app/out/vs/workbench/workbench.main.js:155:337)
    at file:///usr/share/code/resources/app/out/vs/workbench/workbench.main.js:199:98
    at file:///usr/share/code/resources/app/out/vs/workbench/workbench.main.js:287:124
    at /usr/share/code/resources/app/node_modules.asar/graceful-fs/polyfills.js:287:18
    at FSReqWrap.oncomplete (original-fs.js:114:15)
[2018-07-24 18:36:21.882] [renderer1] [error] Unable to write into user settings because the file is dirty. Please save the user settings file first and then try again.: Error: Unable to write into user settings because the file is dirty. Please save the user settings file first and then try again.
    at new t (file:///usr/share/code/resources/app/out/vs/workbench/workbench.main.js:3979:379)
    at e.wrapError (file:///usr/share/code/resources/app/out/vs/workbench/workbench.main.js:3983:262)
    at file:///usr/share/code/resources/app/out/vs/workbench/workbench.main.js:3987:568
    at Object.g [as _notify] (file:///usr/share/code/resources/app/out/vs/workbench/workbench.main.js:150:807)
    at Object.enter (file:///usr/share/code/resources/app/out/vs/workbench/workbench.main.js:154:85)
    at n.Class.derive._creator._run (file:///usr/share/code/resources/app/out/vs/workbench/workbench.main.js:155:896)
    at n.Class.derive._creator._completed (file:///usr/share/code/resources/app/out/vs/workbench/workbench.main.js:155:337)
    at n.Class.derive._creator.then (file:///usr/share/code/resources/app/out/vs/workbench/workbench.main.js:157:366)
    at Object.enter (file:///usr/share/code/resources/app/out/vs/workbench/workbench.main.js:153:184)
    at n.Class.derive._creator._run (file:///usr/share/code/resources/app/out/vs/workbench/workbench.main.js:155:896)
    at n.Class.derive._creator._setCompleteValue (file:///usr/share/code/resources/app/out/vs/workbench/workbench.main.js:155:590)
    at Object.g [as _notify] (file:///usr/share/code/resources/app/out/vs/workbench/workbench.main.js:150:787)
    at Object.enter (file:///usr/share/code/resources/app/out/vs/workbench/workbench.main.js:154:85)
    at n.Class.derive._creator._run (file:///usr/share/code/resources/app/out/vs/workbench/workbench.main.js:155:896)
    at n.Class.derive._creator._completed (file:///usr/share/code/resources/app/out/vs/workbench/workbench.main.js:155:337)
    at n.Class.define.cancel.then (file:///usr/share/code/resources/app/out/vs/workbench/workbench.main.js:157:366)
    at Object.enter (file:///usr/share/code/resources/app/out/vs/workbench/workbench.main.js:153:184)
    at n.Class.derive._creator._run (file:///usr/share/code/resources/app/out/vs/workbench/workbench.main.js:155:896)
    at n.Class.derive._creator._setCompleteValue (file:///usr/share/code/resources/app/out/vs/workbench/workbench.main.js:155:590)
    at Object.g [as _notify] (file:///usr/share/code/resources/app/out/vs/workbench/workbench.main.js:150:787)
    at Object.enter (file:///usr/share/code/resources/app/out/vs/workbench/workbench.main.js:154:85)
    at n.Class.derive._oncancel._run (file:///usr/share/code/resources/app/out/vs/workbench/workbench.main.js:155:896)
    at n.Class.derive._oncancel._completed (file:///usr/share/code/resources/app/out/vs/workbench/workbench.main.js:155:337)
    at file:///usr/share/code/resources/app/out/vs/workbench/workbench.main.js:199:98
    at file:///usr/share/code/resources/app/out/vs/workbench/workbench.main.js:287:124
    at /usr/share/code/resources/app/node_modules.asar/graceful-fs/polyfills.js:287:18
    at FSReqWrap.oncomplete (original-fs.js:114:15)
[2018-07-24 18:36:24.176] [renderer1] [error] Unable to write into user settings because the file is dirty. Please save the user settings file first and then try again.: Error: Unable to write into user settings because the file is dirty. Please save the user settings file first and then try again.
    at new t (file:///usr/share/code/resources/app/out/vs/workbench/workbench.main.js:3979:379)
    at e.wrapError (file:///usr/share/code/resources/app/out/vs/workbench/workbench.main.js:3983:262)
    at file:///usr/share/code/resources/app/out/vs/workbench/workbench.main.js:3987:568
    at Object.g [as _notify] (file:///usr/share/code/resources/app/out/vs/workbench/workbench.main.js:150:807)
    at Object.enter (file:///usr/share/code/resources/app/out/vs/workbench/workbench.main.js:154:85)
    at n.Class.derive._creator._run (file:///usr/share/code/resources/app/out/vs/workbench/workbench.main.js:155:896)
    at n.Class.derive._creator._completed (file:///usr/share/code/resources/app/out/vs/workbench/workbench.main.js:155:337)
    at n.Class.derive._creator.then (file:///usr/share/code/resources/app/out/vs/workbench/workbench.main.js:157:366)
    at Object.enter (file:///usr/share/code/resources/app/out/vs/workbench/workbench.main.js:153:184)
    at n.Class.derive._creator._run (file:///usr/share/code/resources/app/out/vs/workbench/workbench.main.js:155:896)
    at n.Class.derive._creator._setCompleteValue (file:///usr/share/code/resources/app/out/vs/workbench/workbench.main.js:155:590)
    at Object.g [as _notify] (file:///usr/share/code/resources/app/out/vs/workbench/workbench.main.js:150:787)
    at Object.enter (file:///usr/share/code/resources/app/out/vs/workbench/workbench.main.js:154:85)
    at n.Class.derive._creator._run (file:///usr/share/code/resources/app/out/vs/workbench/workbench.main.js:155:896)
    at n.Class.derive._creator._completed (file:///usr/share/code/resources/app/out/vs/workbench/workbench.main.js:155:337)
    at n.Class.define.cancel.then (file:///usr/share/code/resources/app/out/vs/workbench/workbench.main.js:157:366)
    at Object.enter (file:///usr/share/code/resources/app/out/vs/workbench/workbench.main.js:153:184)
    at n.Class.derive._creator._run (file:///usr/share/code/resources/app/out/vs/workbench/workbench.main.js:155:896)
    at n.Class.derive._creator._setCompleteValue (file:///usr/share/code/resources/app/out/vs/workbench/workbench.main.js:155:590)
    at Object.g [as _notify] (file:///usr/share/code/resources/app/out/vs/workbench/workbench.main.js:150:787)
    at Object.enter (file:///usr/share/code/resources/app/out/vs/workbench/workbench.main.js:154:85)
    at n.Class.derive._oncancel._run (file:///usr/share/code/resources/app/out/vs/workbench/workbench.main.js:155:896)
    at n.Class.derive._oncancel._completed (file:///usr/share/code/resources/app/out/vs/workbench/workbench.main.js:155:337)
    at file:///usr/share/code/resources/app/out/vs/workbench/workbench.main.js:199:98
    at file:///usr/share/code/resources/app/out/vs/workbench/workbench.main.js:287:124
    at /usr/share/code/resources/app/node_modules.asar/graceful-fs/polyfills.js:287:18
    at FSReqWrap.oncomplete (original-fs.js:114:15)
