[2018-07-24 18:45:30.451] [exthost1] [info] extension host started
[2018-07-24 18:45:30.474] [exthost1] [info] ExtensionService#_doActivateExtension vscode.emmet {"startup":true,"activationEvent":"*"}
[2018-07-24 18:45:30.474] [exthost1] [info] ExtensionService#loadCommonJSModule /usr/share/code/resources/app/extensions/emmet/out/extension
[2018-07-24 18:45:30.520] [exthost1] [info] ExtensionService#_doActivateExtension vscode.git {"startup":true,"activationEvent":"*"}
[2018-07-24 18:45:30.520] [exthost1] [info] ExtensionService#loadCommonJSModule /usr/share/code/resources/app/extensions/git/out/main
[2018-07-24 18:45:30.652] [exthost1] [info] ExtensionService#_doActivateExtension vscode.merge-conflict {"startup":true,"activationEvent":"*"}
[2018-07-24 18:45:30.652] [exthost1] [info] ExtensionService#loadCommonJSModule /usr/share/code/resources/app/extensions/merge-conflict/out/extension
[2018-07-24 18:45:30.661] [exthost1] [info] ExtensionService#_doActivateExtension vscode.search-rg {"startup":true,"activationEvent":"*"}
[2018-07-24 18:45:30.661] [exthost1] [info] ExtensionService#loadCommonJSModule /usr/share/code/resources/app/extensions/search-rg/out/extension
[2018-07-24 18:45:30.665] [exthost1] [info] ExtensionService#_doActivateExtension vscodevim.vim {"startup":true,"activationEvent":"*"}
[2018-07-24 18:45:30.665] [exthost1] [info] ExtensionService#loadCommonJSModule /home/eunjaejang/.vscode/extensions/vscodevim.vim-0.15.6/out/extension
[2018-07-24 18:45:31.123] [exthost1] [info] ExtensionService#_doActivateExtension vscode.configuration-editing {"startup":false,"activationEvent":"onLanguage:jsonc"}
[2018-07-24 18:45:31.124] [exthost1] [info] ExtensionService#loadCommonJSModule /usr/share/code/resources/app/extensions/configuration-editing/out/extension
[2018-07-24 18:45:31.136] [exthost1] [info] ExtensionService#_doActivateExtension vscode.json-language-features {"startup":false,"activationEvent":"onLanguage:jsonc"}
[2018-07-24 18:45:31.136] [exthost1] [info] ExtensionService#loadCommonJSModule /usr/share/code/resources/app/extensions/json-language-features/client/out/jsonMain
[2018-07-24 18:45:31.242] [exthost1] [info] eager extensions activated
[2018-07-24 18:47:10.337] [exthost1] [info] ExtensionService#_doActivateExtension ms-python.python {"startup":false,"activationEvent":"onCommand:python.createTerminal"}
[2018-07-24 18:47:10.337] [exthost1] [info] ExtensionService#loadCommonJSModule /home/eunjaejang/.vscode/extensions/ms-python.python-2018.7.1/out/client/extension
[2018-07-24 18:48:37.205] [exthost1] [info] ExtensionService#_doActivateExtension GrapeCity.gc-excelviewer {"startup":false,"activationEvent":"onLanguage:plaintext"}
[2018-07-24 18:48:37.205] [exthost1] [info] ExtensionService#loadCommonJSModule /home/eunjaejang/.vscode/extensions/grapecity.gc-excelviewer-2.1.24/out/src/extension
[2018-07-24 18:49:05.164] [exthost1] [info] ExtensionService#_doActivateExtension vscode.python {"startup":false,"activationEvent":"onLanguage:python"}
[2018-07-24 18:49:05.164] [exthost1] [info] ExtensionService#loadCommonJSModule /usr/share/code/resources/app/extensions/python/out/pythonMain
[2018-07-24 18:57:10.386] [exthost1] [info] ExtensionService#_doActivateExtension ms-vscode.node-debug2 {"startup":false,"activationEvent":"onDebugInitialConfigurations"}
[2018-07-24 18:57:10.387] [exthost1] [info] ExtensionService#loadCommonJSModule /usr/share/code/resources/app/extensions/ms-vscode.node-debug2/out/src/extension
[2018-07-24 18:57:10.425] [exthost1] [info] ExtensionService#_doActivateExtension ms-vscode.node-debug {"startup":false,"activationEvent":"onDebugInitialConfigurations"}
[2018-07-24 18:57:10.425] [exthost1] [info] ExtensionService#loadCommonJSModule /usr/share/code/resources/app/extensions/ms-vscode.node-debug/out/node/extension/extension.js
