[2018-07-25 21:09:03.325] [sharedprocess] [info] main {"machineId":"ea7d9225b90678ba5130162aaadde2982bec0f6ce7ce1a7fc3cbb6d071aaee49"}
[2018-07-25 21:09:03.376] [sharedprocess] [info] Scanned user extensions: 6
[2018-07-25 21:09:03.395] [sharedprocess] [info] Scanned user extensions: 6
[2018-07-25 21:09:03.400] [sharedprocess] [info] Scanned user extensions: 6
[2018-07-25 21:09:03.444] [sharedprocess] [info] Scanned system extensions: 70
[2018-07-25 21:09:03.445] [sharedprocess] [info] Scanned system extensions: 70
[2018-07-25 21:09:03.960] [sharedprocess] [info] Scanned user extensions: 6
[2018-07-25 21:09:05.467] [sharedprocess] [info] Installing extension: vim
[2018-07-25 21:09:05.475] [sharedprocess] [info] Scanned user extensions: 6
[2018-07-25 21:09:07.856] [sharedprocess] [info] Downloaded extension: vim
[2018-07-25 21:09:09.248] [sharedprocess] [info] Extracted extension to /home/eunjaejang/.vscode/extensions/.vscodevim.vim-0.15.7: vscodevim.vim-0.15.7
[2018-07-25 21:09:09.248] [sharedprocess] [info] Renamed to /home/eunjaejang/.vscode/extensions/vscodevim.vim-0.15.7
[2018-07-25 21:09:09.248] [sharedprocess] [info] Installation completed. vscodevim.vim-0.15.7
[2018-07-25 21:09:09.261] [sharedprocess] [info] Extensions installed successfully: vscodevim.vim
[2018-07-25 21:09:09.380] [sharedprocess] [info] Scanned user extensions: 6
[2018-07-25 21:09:09.400] [sharedprocess] [info] Scanned system extensions: 70
[2018-07-25 21:09:43.333] [sharedprocess] [info] Starting to clean up unused language packs.
[2018-07-25 21:14:04.000] [sharedprocess] [info] Scanned user extensions: 6
[2018-07-25 21:19:04.019] [sharedprocess] [info] Scanned user extensions: 6
[2018-07-25 21:24:04.036] [sharedprocess] [info] Scanned user extensions: 6
[2018-07-25 21:29:04.056] [sharedprocess] [info] Scanned user extensions: 6
[2018-07-25 21:30:49.189] [sharedprocess] [info] Scanned user extensions: 6
[2018-07-25 21:30:49.198] [sharedprocess] [info] Scanned user extensions: 6
[2018-07-25 21:30:49.204] [sharedprocess] [info] Scanned user extensions: 6
[2018-07-25 21:30:49.277] [sharedprocess] [info] Scanned user extensions: 6
[2018-07-25 21:30:49.285] [sharedprocess] [info] Scanned system extensions: 70
[2018-07-25 21:30:49.288] [sharedprocess] [info] Scanned system extensions: 70
[2018-07-25 21:30:49.323] [sharedprocess] [info] Scanned system extensions: 70
[2018-07-25 21:30:51.790] [sharedprocess] [info] Scanned user extensions: 6
[2018-07-25 21:30:51.793] [sharedprocess] [info] Scanned user extensions: 6
[2018-07-25 21:30:51.799] [sharedprocess] [info] Scanned user extensions: 6
[2018-07-25 21:30:51.889] [sharedprocess] [info] Scanned system extensions: 70
[2018-07-25 21:30:51.896] [sharedprocess] [info] Scanned system extensions: 70
[2018-07-25 21:30:51.900] [sharedprocess] [info] Scanned system extensions: 70
[2018-07-25 21:30:59.712] [sharedprocess] [info] Installing extension: vscode-theme-onedark
[2018-07-25 21:30:59.722] [sharedprocess] [info] Scanned user extensions: 6
[2018-07-25 21:31:00.716] [sharedprocess] [info] Downloaded extension: vscode-theme-onedark
[2018-07-25 21:31:00.804] [sharedprocess] [info] Extracted extension to /home/eunjaejang/.vscode/extensions/.akamud.vscode-theme-onedark-2.1.0: akamud.vscode-theme-onedark-2.1.0
[2018-07-25 21:31:00.805] [sharedprocess] [info] Renamed to /home/eunjaejang/.vscode/extensions/akamud.vscode-theme-onedark-2.1.0
[2018-07-25 21:31:00.805] [sharedprocess] [info] Installation completed. akamud.vscode-theme-onedark-2.1.0
[2018-07-25 21:31:00.819] [sharedprocess] [info] Extensions installed successfully: akamud.vscode-theme-onedark
[2018-07-25 21:31:00.972] [sharedprocess] [info] Scanned user extensions: 7
[2018-07-25 21:31:00.991] [sharedprocess] [info] Scanned system extensions: 70
[2018-07-25 21:31:26.680] [sharedprocess] [info] Scanned user extensions: 7
[2018-07-25 21:31:26.696] [sharedprocess] [info] Scanned user extensions: 7
[2018-07-25 21:31:26.703] [sharedprocess] [info] Scanned user extensions: 7
[2018-07-25 21:31:26.740] [sharedprocess] [info] Scanned user extensions: 7
[2018-07-25 21:31:26.744] [sharedprocess] [info] Scanned user extensions: 7
[2018-07-25 21:31:26.758] [sharedprocess] [info] Scanned user extensions: 7
[2018-07-25 21:31:26.815] [sharedprocess] [info] Scanned system extensions: 70
[2018-07-25 21:31:26.818] [sharedprocess] [info] Scanned system extensions: 70
[2018-07-25 21:31:26.821] [sharedprocess] [info] Scanned system extensions: 70
[2018-07-25 21:31:26.825] [sharedprocess] [info] Scanned system extensions: 70
[2018-07-25 21:31:29.922] [sharedprocess] [info] Scanned user extensions: 7
