[2018-07-24 18:36:47.510] [renderer1] [info] standard startup {"version":"1.25.1","ellapsed":1518,"timers":{"ellapsedExtensions":877,"ellapsedExtensionsReady":1883,"ellapsedRequire":440,"ellapsedEditorRestore":344,"ellapsedViewletRestore":19,"ellapsedWorkbench":517,"ellapsedWindowLoadToRequire":225,"ellapsedTimersToTimersComputed":23,"ellapsedNlsGeneration":0,"ellapsedAppReady":65,"ellapsedWindowLoad":260},"platform":"linux","release":"4.15.0-29-generic","arch":"x64","totalmem":8275484672,"freemem":4241371136,"meminfo":{"workingSetSize":307044,"peakWorkingSetSize":308908,"privateBytes":227972,"sharedBytes":79076},"cpus":{"count":4,"speed":1007,"model":"Intel(R) Core(TM) i5-7200U CPU @ 2.50GHz"},"loadavg":[1.52587890625,0.95947265625,0.755859375],"initialStartup":true,"isVMLikelyhood":0,"hasAccessibilitySupport":false,"emptyWorkbench":false,"common.machineId":"ea7d9225b90678ba5130162aaadde2982bec0f6ce7ce1a7fc3cbb6d071aaee49","sessionID":"33489866-e96b-40b5-9095-2a6adafa94051532425003954","commitHash":"1dfc5e557209371715f655691b1235b6b26a06be","common.platformVersion":"4.15.0","common.platform":"Linux","common.nodePlatform":"linux","common.nodeArch":"x64","timestamp":"2018-07-24T09:36:47.509Z","common.timesincesessionstart":3555,"common.sequence":22,"common.version.shell":"1.7.12","common.version.renderer":"58.0.3029.110","common.firstSessionDate":"Tue, 24 Jul 2018 01:49:30 GMT","common.lastSessionDate":"Tue, 24 Jul 2018 09:35:10 GMT","common.isNewSession":"0","common.instanceId":"1fc54930-e198-454f-8ee3-b21a8400f9de"}
[2018-07-24 18:36:51.955] [renderer1] [error] Unable to write into user settings because the file is dirty. Please save the user settings file first and then try again.: Error: Unable to write into user settings because the file is dirty. Please save the user settings file first and then try again.
    at new t (file:///usr/share/code/resources/app/out/vs/workbench/workbench.main.js:3979:379)
    at e.wrapError (file:///usr/share/code/resources/app/out/vs/workbench/workbench.main.js:3983:262)
    at file:///usr/share/code/resources/app/out/vs/workbench/workbench.main.js:3987:568
    at Object.g [as _notify] (file:///usr/share/code/resources/app/out/vs/workbench/workbench.main.js:150:807)
    at Object.enter (file:///usr/share/code/resources/app/out/vs/workbench/workbench.main.js:154:85)
    at n.Class.derive._creator._run (file:///usr/share/code/resources/app/out/vs/workbench/workbench.main.js:155:896)
    at n.Class.derive._creator._completed (file:///usr/share/code/resources/app/out/vs/workbench/workbench.main.js:155:337)
    at n.Class.derive._creator.then (file:///usr/share/code/resources/app/out/vs/workbench/workbench.main.js:157:366)
    at Object.enter (file:///usr/share/code/resources/app/out/vs/workbench/workbench.main.js:153:184)
    at n.Class.derive._creator._run (file:///usr/share/code/resources/app/out/vs/workbench/workbench.main.js:155:896)
    at n.Class.derive._creator._setCompleteValue (file:///usr/share/code/resources/app/out/vs/workbench/workbench.main.js:155:590)
    at Object.g [as _notify] (file:///usr/share/code/resources/app/out/vs/workbench/workbench.main.js:150:787)
    at Object.enter (file:///usr/share/code/resources/app/out/vs/workbench/workbench.main.js:154:85)
    at n.Class.derive._creator._run (file:///usr/share/code/resources/app/out/vs/workbench/workbench.main.js:155:896)
    at n.Class.derive._creator._completed (file:///usr/share/code/resources/app/out/vs/workbench/workbench.main.js:155:337)
    at n.Class.define.cancel.then (file:///usr/share/code/resources/app/out/vs/workbench/workbench.main.js:157:366)
    at Object.enter (file:///usr/share/code/resources/app/out/vs/workbench/workbench.main.js:153:184)
    at n.Class.derive._creator._run (file:///usr/share/code/resources/app/out/vs/workbench/workbench.main.js:155:896)
    at n.Class.derive._creator._setCompleteValue (file:///usr/share/code/resources/app/out/vs/workbench/workbench.main.js:155:590)
    at Object.g [as _notify] (file:///usr/share/code/resources/app/out/vs/workbench/workbench.main.js:150:787)
    at Object.enter (file:///usr/share/code/resources/app/out/vs/workbench/workbench.main.js:154:85)
    at n.Class.derive._oncancel._run (file:///usr/share/code/resources/app/out/vs/workbench/workbench.main.js:155:896)
    at n.Class.derive._oncancel._completed (file:///usr/share/code/resources/app/out/vs/workbench/workbench.main.js:155:337)
    at file:///usr/share/code/resources/app/out/vs/workbench/workbench.main.js:199:98
    at file:///usr/share/code/resources/app/out/vs/workbench/workbench.main.js:287:124
    at /usr/share/code/resources/app/node_modules.asar/graceful-fs/polyfills.js:287:18
    at FSReqWrap.oncomplete (original-fs.js:114:15)
[2018-07-24 18:36:52.039] [renderer1] [error] Unable to write into user settings. Please open the user settings to correct errors/warnings in it and try again.: Error: Unable to write into user settings. Please open the user settings to correct errors/warnings in it and try again.
    at new t (file:///usr/share/code/resources/app/out/vs/workbench/workbench.main.js:3979:379)
    at e.wrapError (file:///usr/share/code/resources/app/out/vs/workbench/workbench.main.js:3983:262)
    at file:///usr/share/code/resources/app/out/vs/workbench/workbench.main.js:3987:480
    at Object.g [as _notify] (file:///usr/share/code/resources/app/out/vs/workbench/workbench.main.js:150:807)
    at Object.enter (file:///usr/share/code/resources/app/out/vs/workbench/workbench.main.js:154:85)
    at n.Class.derive._creator._run (file:///usr/share/code/resources/app/out/vs/workbench/workbench.main.js:155:896)
    at n.Class.derive._creator._completed (file:///usr/share/code/resources/app/out/vs/workbench/workbench.main.js:155:337)
    at n.Class.derive._creator.then (file:///usr/share/code/resources/app/out/vs/workbench/workbench.main.js:157:366)
    at Object.enter (file:///usr/share/code/resources/app/out/vs/workbench/workbench.main.js:153:184)
    at n.Class.derive._creator._run (file:///usr/share/code/resources/app/out/vs/workbench/workbench.main.js:155:896)
    at n.Class.derive._creator._setCompleteValue (file:///usr/share/code/resources/app/out/vs/workbench/workbench.main.js:155:590)
    at Object.g [as _notify] (file:///usr/share/code/resources/app/out/vs/workbench/workbench.main.js:150:787)
    at Object.enter (file:///usr/share/code/resources/app/out/vs/workbench/workbench.main.js:154:85)
    at n.Class.derive._creator._run (file:///usr/share/code/resources/app/out/vs/workbench/workbench.main.js:155:896)
    at n.Class.derive._creator._completed (file:///usr/share/code/resources/app/out/vs/workbench/workbench.main.js:155:337)
    at n.Class.define.cancel.then (file:///usr/share/code/resources/app/out/vs/workbench/workbench.main.js:157:366)
    at Object.enter (file:///usr/share/code/resources/app/out/vs/workbench/workbench.main.js:153:184)
    at n.Class.derive._creator._run (file:///usr/share/code/resources/app/out/vs/workbench/workbench.main.js:155:896)
    at n.Class.derive._creator._setCompleteValue (file:///usr/share/code/resources/app/out/vs/workbench/workbench.main.js:155:590)
    at Object.g [as _notify] (file:///usr/share/code/resources/app/out/vs/workbench/workbench.main.js:150:787)
    at Object.enter (file:///usr/share/code/resources/app/out/vs/workbench/workbench.main.js:154:85)
    at n.Class.derive._oncancel._run (file:///usr/share/code/resources/app/out/vs/workbench/workbench.main.js:155:896)
    at n.Class.derive._oncancel._completed (file:///usr/share/code/resources/app/out/vs/workbench/workbench.main.js:155:337)
    at file:///usr/share/code/resources/app/out/vs/workbench/workbench.main.js:199:98
    at file:///usr/share/code/resources/app/out/vs/workbench/workbench.main.js:287:124
    at /usr/share/code/resources/app/node_modules.asar/graceful-fs/polyfills.js:287:18
    at FSReqWrap.oncomplete (original-fs.js:114:15)
[2018-07-24 18:36:54.195] [renderer1] [error] Unable to write into user settings because the file is dirty. Please save the user settings file first and then try again.: Error: Unable to write into user settings because the file is dirty. Please save the user settings file first and then try again.
    at new t (file:///usr/share/code/resources/app/out/vs/workbench/workbench.main.js:3979:379)
    at e.wrapError (file:///usr/share/code/resources/app/out/vs/workbench/workbench.main.js:3983:262)
    at file:///usr/share/code/resources/app/out/vs/workbench/workbench.main.js:3987:568
    at Object.g [as _notify] (file:///usr/share/code/resources/app/out/vs/workbench/workbench.main.js:150:807)
    at Object.enter (file:///usr/share/code/resources/app/out/vs/workbench/workbench.main.js:154:85)
    at n.Class.derive._creator._run (file:///usr/share/code/resources/app/out/vs/workbench/workbench.main.js:155:896)
    at n.Class.derive._creator._completed (file:///usr/share/code/resources/app/out/vs/workbench/workbench.main.js:155:337)
    at n.Class.derive._creator.then (file:///usr/share/code/resources/app/out/vs/workbench/workbench.main.js:157:366)
    at Object.enter (file:///usr/share/code/resources/app/out/vs/workbench/workbench.main.js:153:184)
    at n.Class.derive._creator._run (file:///usr/share/code/resources/app/out/vs/workbench/workbench.main.js:155:896)
    at n.Class.derive._creator._setCompleteValue (file:///usr/share/code/resources/app/out/vs/workbench/workbench.main.js:155:590)
    at Object.g [as _notify] (file:///usr/share/code/resources/app/out/vs/workbench/workbench.main.js:150:787)
    at Object.enter (file:///usr/share/code/resources/app/out/vs/workbench/workbench.main.js:154:85)
    at n.Class.derive._creator._run (file:///usr/share/code/resources/app/out/vs/workbench/workbench.main.js:155:896)
    at n.Class.derive._creator._completed (file:///usr/share/code/resources/app/out/vs/workbench/workbench.main.js:155:337)
    at n.Class.define.cancel.then (file:///usr/share/code/resources/app/out/vs/workbench/workbench.main.js:157:366)
    at Object.enter (file:///usr/share/code/resources/app/out/vs/workbench/workbench.main.js:153:184)
    at n.Class.derive._creator._run (file:///usr/share/code/resources/app/out/vs/workbench/workbench.main.js:155:896)
    at n.Class.derive._creator._setCompleteValue (file:///usr/share/code/resources/app/out/vs/workbench/workbench.main.js:155:590)
    at Object.g [as _notify] (file:///usr/share/code/resources/app/out/vs/workbench/workbench.main.js:150:787)
    at Object.enter (file:///usr/share/code/resources/app/out/vs/workbench/workbench.main.js:154:85)
    at n.Class.derive._oncancel._run (file:///usr/share/code/resources/app/out/vs/workbench/workbench.main.js:155:896)
    at n.Class.derive._oncancel._completed (file:///usr/share/code/resources/app/out/vs/workbench/workbench.main.js:155:337)
    at file:///usr/share/code/resources/app/out/vs/workbench/workbench.main.js:199:98
    at file:///usr/share/code/resources/app/out/vs/workbench/workbench.main.js:287:124
    at /usr/share/code/resources/app/node_modules.asar/graceful-fs/polyfills.js:287:18
    at FSReqWrap.oncomplete (original-fs.js:114:15)
[2018-07-24 18:36:54.228] [renderer1] [error] Unable to write into user settings. Please open the user settings to correct errors/warnings in it and try again.: Error: Unable to write into user settings. Please open the user settings to correct errors/warnings in it and try again.
    at new t (file:///usr/share/code/resources/app/out/vs/workbench/workbench.main.js:3979:379)
    at e.wrapError (file:///usr/share/code/resources/app/out/vs/workbench/workbench.main.js:3983:262)
    at file:///usr/share/code/resources/app/out/vs/workbench/workbench.main.js:3987:480
    at Object.g [as _notify] (file:///usr/share/code/resources/app/out/vs/workbench/workbench.main.js:150:807)
    at Object.enter (file:///usr/share/code/resources/app/out/vs/workbench/workbench.main.js:154:85)
    at n.Class.derive._creator._run (file:///usr/share/code/resources/app/out/vs/workbench/workbench.main.js:155:896)
    at n.Class.derive._creator._completed (file:///usr/share/code/resources/app/out/vs/workbench/workbench.main.js:155:337)
    at n.Class.derive._creator.then (file:///usr/share/code/resources/app/out/vs/workbench/workbench.main.js:157:366)
    at Object.enter (file:///usr/share/code/resources/app/out/vs/workbench/workbench.main.js:153:184)
    at n.Class.derive._creator._run (file:///usr/share/code/resources/app/out/vs/workbench/workbench.main.js:155:896)
    at n.Class.derive._creator._setCompleteValue (file:///usr/share/code/resources/app/out/vs/workbench/workbench.main.js:155:590)
    at Object.g [as _notify] (file:///usr/share/code/resources/app/out/vs/workbench/workbench.main.js:150:787)
    at Object.enter (file:///usr/share/code/resources/app/out/vs/workbench/workbench.main.js:154:85)
    at n.Class.derive._creator._run (file:///usr/share/code/resources/app/out/vs/workbench/workbench.main.js:155:896)
    at n.Class.derive._creator._completed (file:///usr/share/code/resources/app/out/vs/workbench/workbench.main.js:155:337)
    at n.Class.define.cancel.then (file:///usr/share/code/resources/app/out/vs/workbench/workbench.main.js:157:366)
    at Object.enter (file:///usr/share/code/resources/app/out/vs/workbench/workbench.main.js:153:184)
    at n.Class.derive._creator._run (file:///usr/share/code/resources/app/out/vs/workbench/workbench.main.js:155:896)
    at n.Class.derive._creator._setCompleteValue (file:///usr/share/code/resources/app/out/vs/workbench/workbench.main.js:155:590)
    at Object.g [as _notify] (file:///usr/share/code/resources/app/out/vs/workbench/workbench.main.js:150:787)
    at Object.enter (file:///usr/share/code/resources/app/out/vs/workbench/workbench.main.js:154:85)
    at n.Class.derive._oncancel._run (file:///usr/share/code/resources/app/out/vs/workbench/workbench.main.js:155:896)
    at n.Class.derive._oncancel._completed (file:///usr/share/code/resources/app/out/vs/workbench/workbench.main.js:155:337)
    at file:///usr/share/code/resources/app/out/vs/workbench/workbench.main.js:199:98
    at file:///usr/share/code/resources/app/out/vs/workbench/workbench.main.js:287:124
    at /usr/share/code/resources/app/node_modules.asar/graceful-fs/polyfills.js:287:18
    at FSReqWrap.oncomplete (original-fs.js:114:15)
[2018-07-24 18:36:54.791] [renderer1] [error] Unable to write into user settings because the file is dirty. Please save the user settings file first and then try again.: Error: Unable to write into user settings because the file is dirty. Please save the user settings file first and then try again.
    at new t (file:///usr/share/code/resources/app/out/vs/workbench/workbench.main.js:3979:379)
    at e.wrapError (file:///usr/share/code/resources/app/out/vs/workbench/workbench.main.js:3983:262)
    at file:///usr/share/code/resources/app/out/vs/workbench/workbench.main.js:3987:568
    at Object.g [as _notify] (file:///usr/share/code/resources/app/out/vs/workbench/workbench.main.js:150:807)
    at Object.enter (file:///usr/share/code/resources/app/out/vs/workbench/workbench.main.js:154:85)
    at n.Class.derive._creator._run (file:///usr/share/code/resources/app/out/vs/workbench/workbench.main.js:155:896)
    at n.Class.derive._creator._completed (file:///usr/share/code/resources/app/out/vs/workbench/workbench.main.js:155:337)
    at n.Class.derive._creator.then (file:///usr/share/code/resources/app/out/vs/workbench/workbench.main.js:157:366)
    at Object.enter (file:///usr/share/code/resources/app/out/vs/workbench/workbench.main.js:153:184)
    at n.Class.derive._creator._run (file:///usr/share/code/resources/app/out/vs/workbench/workbench.main.js:155:896)
    at n.Class.derive._creator._setCompleteValue (file:///usr/share/code/resources/app/out/vs/workbench/workbench.main.js:155:590)
    at Object.g [as _notify] (file:///usr/share/code/resources/app/out/vs/workbench/workbench.main.js:150:787)
    at Object.enter (file:///usr/share/code/resources/app/out/vs/workbench/workbench.main.js:154:85)
    at n.Class.derive._creator._run (file:///usr/share/code/resources/app/out/vs/workbench/workbench.main.js:155:896)
    at n.Class.derive._creator._completed (file:///usr/share/code/resources/app/out/vs/workbench/workbench.main.js:155:337)
    at n.Class.define.cancel.then (file:///usr/share/code/resources/app/out/vs/workbench/workbench.main.js:157:366)
    at Object.enter (file:///usr/share/code/resources/app/out/vs/workbench/workbench.main.js:153:184)
    at n.Class.derive._creator._run (file:///usr/share/code/resources/app/out/vs/workbench/workbench.main.js:155:896)
    at n.Class.derive._creator._setCompleteValue (file:///usr/share/code/resources/app/out/vs/workbench/workbench.main.js:155:590)
    at Object.g [as _notify] (file:///usr/share/code/resources/app/out/vs/workbench/workbench.main.js:150:787)
    at Object.enter (file:///usr/share/code/resources/app/out/vs/workbench/workbench.main.js:154:85)
    at n.Class.derive._oncancel._run (file:///usr/share/code/resources/app/out/vs/workbench/workbench.main.js:155:896)
    at n.Class.derive._oncancel._completed (file:///usr/share/code/resources/app/out/vs/workbench/workbench.main.js:155:337)
    at file:///usr/share/code/resources/app/out/vs/workbench/workbench.main.js:199:98
    at file:///usr/share/code/resources/app/out/vs/workbench/workbench.main.js:287:124
    at /usr/share/code/resources/app/node_modules.asar/graceful-fs/polyfills.js:287:18
    at FSReqWrap.oncomplete (original-fs.js:114:15)
[2018-07-24 18:36:54.830] [renderer1] [error] Unable to write into user settings. Please open the user settings to correct errors/warnings in it and try again.: Error: Unable to write into user settings. Please open the user settings to correct errors/warnings in it and try again.
    at new t (file:///usr/share/code/resources/app/out/vs/workbench/workbench.main.js:3979:379)
    at e.wrapError (file:///usr/share/code/resources/app/out/vs/workbench/workbench.main.js:3983:262)
    at file:///usr/share/code/resources/app/out/vs/workbench/workbench.main.js:3987:480
    at Object.g [as _notify] (file:///usr/share/code/resources/app/out/vs/workbench/workbench.main.js:150:807)
    at Object.enter (file:///usr/share/code/resources/app/out/vs/workbench/workbench.main.js:154:85)
    at n.Class.derive._creator._run (file:///usr/share/code/resources/app/out/vs/workbench/workbench.main.js:155:896)
    at n.Class.derive._creator._completed (file:///usr/share/code/resources/app/out/vs/workbench/workbench.main.js:155:337)
    at n.Class.derive._creator.then (file:///usr/share/code/resources/app/out/vs/workbench/workbench.main.js:157:366)
    at Object.enter (file:///usr/share/code/resources/app/out/vs/workbench/workbench.main.js:153:184)
    at n.Class.derive._creator._run (file:///usr/share/code/resources/app/out/vs/workbench/workbench.main.js:155:896)
    at n.Class.derive._creator._setCompleteValue (file:///usr/share/code/resources/app/out/vs/workbench/workbench.main.js:155:590)
    at Object.g [as _notify] (file:///usr/share/code/resources/app/out/vs/workbench/workbench.main.js:150:787)
    at Object.enter (file:///usr/share/code/resources/app/out/vs/workbench/workbench.main.js:154:85)
    at n.Class.derive._creator._run (file:///usr/share/code/resources/app/out/vs/workbench/workbench.main.js:155:896)
    at n.Class.derive._creator._completed (file:///usr/share/code/resources/app/out/vs/workbench/workbench.main.js:155:337)
    at n.Class.define.cancel.then (file:///usr/share/code/resources/app/out/vs/workbench/workbench.main.js:157:366)
    at Object.enter (file:///usr/share/code/resources/app/out/vs/workbench/workbench.main.js:153:184)
    at n.Class.derive._creator._run (file:///usr/share/code/resources/app/out/vs/workbench/workbench.main.js:155:896)
    at n.Class.derive._creator._setCompleteValue (file:///usr/share/code/resources/app/out/vs/workbench/workbench.main.js:155:590)
    at Object.g [as _notify] (file:///usr/share/code/resources/app/out/vs/workbench/workbench.main.js:150:787)
    at Object.enter (file:///usr/share/code/resources/app/out/vs/workbench/workbench.main.js:154:85)
    at n.Class.derive._oncancel._run (file:///usr/share/code/resources/app/out/vs/workbench/workbench.main.js:155:896)
    at n.Class.derive._oncancel._completed (file:///usr/share/code/resources/app/out/vs/workbench/workbench.main.js:155:337)
    at file:///usr/share/code/resources/app/out/vs/workbench/workbench.main.js:199:98
    at file:///usr/share/code/resources/app/out/vs/workbench/workbench.main.js:287:124
    at /usr/share/code/resources/app/node_modules.asar/graceful-fs/polyfills.js:287:18
    at FSReqWrap.oncomplete (original-fs.js:114:15)
[2018-07-24 18:36:55.207] [renderer1] [error] Unable to write into user settings because the file is dirty. Please save the user settings file first and then try again.: Error: Unable to write into user settings because the file is dirty. Please save the user settings file first and then try again.
    at new t (file:///usr/share/code/resources/app/out/vs/workbench/workbench.main.js:3979:379)
    at e.wrapError (file:///usr/share/code/resources/app/out/vs/workbench/workbench.main.js:3983:262)
    at file:///usr/share/code/resources/app/out/vs/workbench/workbench.main.js:3987:568
    at Object.g [as _notify] (file:///usr/share/code/resources/app/out/vs/workbench/workbench.main.js:150:807)
    at Object.enter (file:///usr/share/code/resources/app/out/vs/workbench/workbench.main.js:154:85)
    at n.Class.derive._creator._run (file:///usr/share/code/resources/app/out/vs/workbench/workbench.main.js:155:896)
    at n.Class.derive._creator._completed (file:///usr/share/code/resources/app/out/vs/workbench/workbench.main.js:155:337)
    at n.Class.derive._creator.then (file:///usr/share/code/resources/app/out/vs/workbench/workbench.main.js:157:366)
    at Object.enter (file:///usr/share/code/resources/app/out/vs/workbench/workbench.main.js:153:184)
    at n.Class.derive._creator._run (file:///usr/share/code/resources/app/out/vs/workbench/workbench.main.js:155:896)
    at n.Class.derive._creator._setCompleteValue (file:///usr/share/code/resources/app/out/vs/workbench/workbench.main.js:155:590)
    at Object.g [as _notify] (file:///usr/share/code/resources/app/out/vs/workbench/workbench.main.js:150:787)
    at Object.enter (file:///usr/share/code/resources/app/out/vs/workbench/workbench.main.js:154:85)
    at n.Class.derive._creator._run (file:///usr/share/code/resources/app/out/vs/workbench/workbench.main.js:155:896)
    at n.Class.derive._creator._completed (file:///usr/share/code/resources/app/out/vs/workbench/workbench.main.js:155:337)
    at n.Class.define.cancel.then (file:///usr/share/code/resources/app/out/vs/workbench/workbench.main.js:157:366)
    at Object.enter (file:///usr/share/code/resources/app/out/vs/workbench/workbench.main.js:153:184)
    at n.Class.derive._creator._run (file:///usr/share/code/resources/app/out/vs/workbench/workbench.main.js:155:896)
    at n.Class.derive._creator._setCompleteValue (file:///usr/share/code/resources/app/out/vs/workbench/workbench.main.js:155:590)
    at Object.g [as _notify] (file:///usr/share/code/resources/app/out/vs/workbench/workbench.main.js:150:787)
    at Object.enter (file:///usr/share/code/resources/app/out/vs/workbench/workbench.main.js:154:85)
    at n.Class.derive._oncancel._run (file:///usr/share/code/resources/app/out/vs/workbench/workbench.main.js:155:896)
    at n.Class.derive._oncancel._completed (file:///usr/share/code/resources/app/out/vs/workbench/workbench.main.js:155:337)
    at file:///usr/share/code/resources/app/out/vs/workbench/workbench.main.js:199:98
    at file:///usr/share/code/resources/app/out/vs/workbench/workbench.main.js:287:124
    at /usr/share/code/resources/app/node_modules.asar/graceful-fs/polyfills.js:287:18
    at FSReqWrap.oncomplete (original-fs.js:114:15)
[2018-07-24 18:36:55.275] [renderer1] [error] Unable to write into user settings. Please open the user settings to correct errors/warnings in it and try again.: Error: Unable to write into user settings. Please open the user settings to correct errors/warnings in it and try again.
    at new t (file:///usr/share/code/resources/app/out/vs/workbench/workbench.main.js:3979:379)
    at e.wrapError (file:///usr/share/code/resources/app/out/vs/workbench/workbench.main.js:3983:262)
    at file:///usr/share/code/resources/app/out/vs/workbench/workbench.main.js:3987:480
    at Object.g [as _notify] (file:///usr/share/code/resources/app/out/vs/workbench/workbench.main.js:150:807)
    at Object.enter (file:///usr/share/code/resources/app/out/vs/workbench/workbench.main.js:154:85)
    at n.Class.derive._creator._run (file:///usr/share/code/resources/app/out/vs/workbench/workbench.main.js:155:896)
    at n.Class.derive._creator._completed (file:///usr/share/code/resources/app/out/vs/workbench/workbench.main.js:155:337)
    at n.Class.derive._creator.then (file:///usr/share/code/resources/app/out/vs/workbench/workbench.main.js:157:366)
    at Object.enter (file:///usr/share/code/resources/app/out/vs/workbench/workbench.main.js:153:184)
    at n.Class.derive._creator._run (file:///usr/share/code/resources/app/out/vs/workbench/workbench.main.js:155:896)
    at n.Class.derive._creator._setCompleteValue (file:///usr/share/code/resources/app/out/vs/workbench/workbench.main.js:155:590)
    at Object.g [as _notify] (file:///usr/share/code/resources/app/out/vs/workbench/workbench.main.js:150:787)
    at Object.enter (file:///usr/share/code/resources/app/out/vs/workbench/workbench.main.js:154:85)
    at n.Class.derive._creator._run (file:///usr/share/code/resources/app/out/vs/workbench/workbench.main.js:155:896)
    at n.Class.derive._creator._completed (file:///usr/share/code/resources/app/out/vs/workbench/workbench.main.js:155:337)
    at n.Class.define.cancel.then (file:///usr/share/code/resources/app/out/vs/workbench/workbench.main.js:157:366)
    at Object.enter (file:///usr/share/code/resources/app/out/vs/workbench/workbench.main.js:153:184)
    at n.Class.derive._creator._run (file:///usr/share/code/resources/app/out/vs/workbench/workbench.main.js:155:896)
    at n.Class.derive._creator._setCompleteValue (file:///usr/share/code/resources/app/out/vs/workbench/workbench.main.js:155:590)
    at Object.g [as _notify] (file:///usr/share/code/resources/app/out/vs/workbench/workbench.main.js:150:787)
    at Object.enter (file:///usr/share/code/resources/app/out/vs/workbench/workbench.main.js:154:85)
    at n.Class.derive._oncancel._run (file:///usr/share/code/resources/app/out/vs/workbench/workbench.main.js:155:896)
    at n.Class.derive._oncancel._completed (file:///usr/share/code/resources/app/out/vs/workbench/workbench.main.js:155:337)
    at file:///usr/share/code/resources/app/out/vs/workbench/workbench.main.js:199:98
    at file:///usr/share/code/resources/app/out/vs/workbench/workbench.main.js:287:124
    at /usr/share/code/resources/app/node_modules.asar/graceful-fs/polyfills.js:287:18
    at FSReqWrap.oncomplete (original-fs.js:114:15)
[2018-07-24 18:36:55.582] [renderer1] [error] Unable to write into user settings because the file is dirty. Please save the user settings file first and then try again.: Error: Unable to write into user settings because the file is dirty. Please save the user settings file first and then try again.
    at new t (file:///usr/share/code/resources/app/out/vs/workbench/workbench.main.js:3979:379)
    at e.wrapError (file:///usr/share/code/resources/app/out/vs/workbench/workbench.main.js:3983:262)
    at file:///usr/share/code/resources/app/out/vs/workbench/workbench.main.js:3987:568
    at Object.g [as _notify] (file:///usr/share/code/resources/app/out/vs/workbench/workbench.main.js:150:807)
    at Object.enter (file:///usr/share/code/resources/app/out/vs/workbench/workbench.main.js:154:85)
    at n.Class.derive._creator._run (file:///usr/share/code/resources/app/out/vs/workbench/workbench.main.js:155:896)
    at n.Class.derive._creator._completed (file:///usr/share/code/resources/app/out/vs/workbench/workbench.main.js:155:337)
    at n.Class.derive._creator.then (file:///usr/share/code/resources/app/out/vs/workbench/workbench.main.js:157:366)
    at Object.enter (file:///usr/share/code/resources/app/out/vs/workbench/workbench.main.js:153:184)
    at n.Class.derive._creator._run (file:///usr/share/code/resources/app/out/vs/workbench/workbench.main.js:155:896)
    at n.Class.derive._creator._setCompleteValue (file:///usr/share/code/resources/app/out/vs/workbench/workbench.main.js:155:590)
    at Object.g [as _notify] (file:///usr/share/code/resources/app/out/vs/workbench/workbench.main.js:150:787)
    at Object.enter (file:///usr/share/code/resources/app/out/vs/workbench/workbench.main.js:154:85)
    at n.Class.derive._creator._run (file:///usr/share/code/resources/app/out/vs/workbench/workbench.main.js:155:896)
    at n.Class.derive._creator._completed (file:///usr/share/code/resources/app/out/vs/workbench/workbench.main.js:155:337)
    at n.Class.define.cancel.then (file:///usr/share/code/resources/app/out/vs/workbench/workbench.main.js:157:366)
    at Object.enter (file:///usr/share/code/resources/app/out/vs/workbench/workbench.main.js:153:184)
    at n.Class.derive._creator._run (file:///usr/share/code/resources/app/out/vs/workbench/workbench.main.js:155:896)
    at n.Class.derive._creator._setCompleteValue (file:///usr/share/code/resources/app/out/vs/workbench/workbench.main.js:155:590)
    at Object.g [as _notify] (file:///usr/share/code/resources/app/out/vs/workbench/workbench.main.js:150:787)
    at Object.enter (file:///usr/share/code/resources/app/out/vs/workbench/workbench.main.js:154:85)
    at n.Class.derive._oncancel._run (file:///usr/share/code/resources/app/out/vs/workbench/workbench.main.js:155:896)
    at n.Class.derive._oncancel._completed (file:///usr/share/code/resources/app/out/vs/workbench/workbench.main.js:155:337)
    at file:///usr/share/code/resources/app/out/vs/workbench/workbench.main.js:199:98
    at file:///usr/share/code/resources/app/out/vs/workbench/workbench.main.js:287:124
    at /usr/share/code/resources/app/node_modules.asar/graceful-fs/polyfills.js:287:18
    at FSReqWrap.oncomplete (original-fs.js:114:15)
[2018-07-24 18:36:55.662] [renderer1] [error] Unable to write into user settings. Please open the user settings to correct errors/warnings in it and try again.: Error: Unable to write into user settings. Please open the user settings to correct errors/warnings in it and try again.
    at new t (file:///usr/share/code/resources/app/out/vs/workbench/workbench.main.js:3979:379)
    at e.wrapError (file:///usr/share/code/resources/app/out/vs/workbench/workbench.main.js:3983:262)
    at file:///usr/share/code/resources/app/out/vs/workbench/workbench.main.js:3987:480
    at Object.g [as _notify] (file:///usr/share/code/resources/app/out/vs/workbench/workbench.main.js:150:807)
    at Object.enter (file:///usr/share/code/resources/app/out/vs/workbench/workbench.main.js:154:85)
    at n.Class.derive._creator._run (file:///usr/share/code/resources/app/out/vs/workbench/workbench.main.js:155:896)
    at n.Class.derive._creator._completed (file:///usr/share/code/resources/app/out/vs/workbench/workbench.main.js:155:337)
    at n.Class.derive._creator.then (file:///usr/share/code/resources/app/out/vs/workbench/workbench.main.js:157:366)
    at Object.enter (file:///usr/share/code/resources/app/out/vs/workbench/workbench.main.js:153:184)
    at n.Class.derive._creator._run (file:///usr/share/code/resources/app/out/vs/workbench/workbench.main.js:155:896)
    at n.Class.derive._creator._setCompleteValue (file:///usr/share/code/resources/app/out/vs/workbench/workbench.main.js:155:590)
    at Object.g [as _notify] (file:///usr/share/code/resources/app/out/vs/workbench/workbench.main.js:150:787)
    at Object.enter (file:///usr/share/code/resources/app/out/vs/workbench/workbench.main.js:154:85)
    at n.Class.derive._creator._run (file:///usr/share/code/resources/app/out/vs/workbench/workbench.main.js:155:896)
    at n.Class.derive._creator._completed (file:///usr/share/code/resources/app/out/vs/workbench/workbench.main.js:155:337)
    at n.Class.define.cancel.then (file:///usr/share/code/resources/app/out/vs/workbench/workbench.main.js:157:366)
    at Object.enter (file:///usr/share/code/resources/app/out/vs/workbench/workbench.main.js:153:184)
    at n.Class.derive._creator._run (file:///usr/share/code/resources/app/out/vs/workbench/workbench.main.js:155:896)
    at n.Class.derive._creator._setCompleteValue (file:///usr/share/code/resources/app/out/vs/workbench/workbench.main.js:155:590)
    at Object.g [as _notify] (file:///usr/share/code/resources/app/out/vs/workbench/workbench.main.js:150:787)
    at Object.enter (file:///usr/share/code/resources/app/out/vs/workbench/workbench.main.js:154:85)
    at n.Class.derive._oncancel._run (file:///usr/share/code/resources/app/out/vs/workbench/workbench.main.js:155:896)
    at n.Class.derive._oncancel._completed (file:///usr/share/code/resources/app/out/vs/workbench/workbench.main.js:155:337)
    at file:///usr/share/code/resources/app/out/vs/workbench/workbench.main.js:199:98
    at file:///usr/share/code/resources/app/out/vs/workbench/workbench.main.js:287:124
    at /usr/share/code/resources/app/node_modules.asar/graceful-fs/polyfills.js:287:18
    at FSReqWrap.oncomplete (original-fs.js:114:15)
[2018-07-24 18:36:55.970] [renderer1] [error] Unable to write into user settings because the file is dirty. Please save the user settings file first and then try again.: Error: Unable to write into user settings because the file is dirty. Please save the user settings file first and then try again.
    at new t (file:///usr/share/code/resources/app/out/vs/workbench/workbench.main.js:3979:379)
    at e.wrapError (file:///usr/share/code/resources/app/out/vs/workbench/workbench.main.js:3983:262)
    at file:///usr/share/code/resources/app/out/vs/workbench/workbench.main.js:3987:568
    at Object.g [as _notify] (file:///usr/share/code/resources/app/out/vs/workbench/workbench.main.js:150:807)
    at Object.enter (file:///usr/share/code/resources/app/out/vs/workbench/workbench.main.js:154:85)
    at n.Class.derive._creator._run (file:///usr/share/code/resources/app/out/vs/workbench/workbench.main.js:155:896)
    at n.Class.derive._creator._completed (file:///usr/share/code/resources/app/out/vs/workbench/workbench.main.js:155:337)
    at n.Class.derive._creator.then (file:///usr/share/code/resources/app/out/vs/workbench/workbench.main.js:157:366)
    at Object.enter (file:///usr/share/code/resources/app/out/vs/workbench/workbench.main.js:153:184)
    at n.Class.derive._creator._run (file:///usr/share/code/resources/app/out/vs/workbench/workbench.main.js:155:896)
    at n.Class.derive._creator._setCompleteValue (file:///usr/share/code/resources/app/out/vs/workbench/workbench.main.js:155:590)
    at Object.g [as _notify] (file:///usr/share/code/resources/app/out/vs/workbench/workbench.main.js:150:787)
    at Object.enter (file:///usr/share/code/resources/app/out/vs/workbench/workbench.main.js:154:85)
    at n.Class.derive._creator._run (file:///usr/share/code/resources/app/out/vs/workbench/workbench.main.js:155:896)
    at n.Class.derive._creator._completed (file:///usr/share/code/resources/app/out/vs/workbench/workbench.main.js:155:337)
    at n.Class.define.cancel.then (file:///usr/share/code/resources/app/out/vs/workbench/workbench.main.js:157:366)
    at Object.enter (file:///usr/share/code/resources/app/out/vs/workbench/workbench.main.js:153:184)
    at n.Class.derive._creator._run (file:///usr/share/code/resources/app/out/vs/workbench/workbench.main.js:155:896)
    at n.Class.derive._creator._setCompleteValue (file:///usr/share/code/resources/app/out/vs/workbench/workbench.main.js:155:590)
    at Object.g [as _notify] (file:///usr/share/code/resources/app/out/vs/workbench/workbench.main.js:150:787)
    at Object.enter (file:///usr/share/code/resources/app/out/vs/workbench/workbench.main.js:154:85)
    at n.Class.derive._oncancel._run (file:///usr/share/code/resources/app/out/vs/workbench/workbench.main.js:155:896)
    at n.Class.derive._oncancel._completed (file:///usr/share/code/resources/app/out/vs/workbench/workbench.main.js:155:337)
    at file:///usr/share/code/resources/app/out/vs/workbench/workbench.main.js:199:98
    at file:///usr/share/code/resources/app/out/vs/workbench/workbench.main.js:287:124
    at /usr/share/code/resources/app/node_modules.asar/graceful-fs/polyfills.js:287:18
    at FSReqWrap.oncomplete (original-fs.js:114:15)
[2018-07-24 18:36:56.018] [renderer1] [error] Unable to write into user settings. Please open the user settings to correct errors/warnings in it and try again.: Error: Unable to write into user settings. Please open the user settings to correct errors/warnings in it and try again.
    at new t (file:///usr/share/code/resources/app/out/vs/workbench/workbench.main.js:3979:379)
    at e.wrapError (file:///usr/share/code/resources/app/out/vs/workbench/workbench.main.js:3983:262)
    at file:///usr/share/code/resources/app/out/vs/workbench/workbench.main.js:3987:480
    at Object.g [as _notify] (file:///usr/share/code/resources/app/out/vs/workbench/workbench.main.js:150:807)
    at Object.enter (file:///usr/share/code/resources/app/out/vs/workbench/workbench.main.js:154:85)
    at n.Class.derive._creator._run (file:///usr/share/code/resources/app/out/vs/workbench/workbench.main.js:155:896)
    at n.Class.derive._creator._completed (file:///usr/share/code/resources/app/out/vs/workbench/workbench.main.js:155:337)
    at n.Class.derive._creator.then (file:///usr/share/code/resources/app/out/vs/workbench/workbench.main.js:157:366)
    at Object.enter (file:///usr/share/code/resources/app/out/vs/workbench/workbench.main.js:153:184)
    at n.Class.derive._creator._run (file:///usr/share/code/resources/app/out/vs/workbench/workbench.main.js:155:896)
    at n.Class.derive._creator._setCompleteValue (file:///usr/share/code/resources/app/out/vs/workbench/workbench.main.js:155:590)
    at Object.g [as _notify] (file:///usr/share/code/resources/app/out/vs/workbench/workbench.main.js:150:787)
    at Object.enter (file:///usr/share/code/resources/app/out/vs/workbench/workbench.main.js:154:85)
    at n.Class.derive._creator._run (file:///usr/share/code/resources/app/out/vs/workbench/workbench.main.js:155:896)
    at n.Class.derive._creator._completed (file:///usr/share/code/resources/app/out/vs/workbench/workbench.main.js:155:337)
    at n.Class.define.cancel.then (file:///usr/share/code/resources/app/out/vs/workbench/workbench.main.js:157:366)
    at Object.enter (file:///usr/share/code/resources/app/out/vs/workbench/workbench.main.js:153:184)
    at n.Class.derive._creator._run (file:///usr/share/code/resources/app/out/vs/workbench/workbench.main.js:155:896)
    at n.Class.derive._creator._setCompleteValue (file:///usr/share/code/resources/app/out/vs/workbench/workbench.main.js:155:590)
    at Object.g [as _notify] (file:///usr/share/code/resources/app/out/vs/workbench/workbench.main.js:150:787)
    at Object.enter (file:///usr/share/code/resources/app/out/vs/workbench/workbench.main.js:154:85)
    at n.Class.derive._oncancel._run (file:///usr/share/code/resources/app/out/vs/workbench/workbench.main.js:155:896)
    at n.Class.derive._oncancel._completed (file:///usr/share/code/resources/app/out/vs/workbench/workbench.main.js:155:337)
    at file:///usr/share/code/resources/app/out/vs/workbench/workbench.main.js:199:98
    at file:///usr/share/code/resources/app/out/vs/workbench/workbench.main.js:287:124
    at /usr/share/code/resources/app/node_modules.asar/graceful-fs/polyfills.js:287:18
    at FSReqWrap.oncomplete (original-fs.js:114:15)
[2018-07-24 18:37:19.780] [renderer1] [error] Unable to write into user settings because the file is dirty. Please save the user settings file first and then try again.: Error: Unable to write into user settings because the file is dirty. Please save the user settings file first and then try again.
    at new t (file:///usr/share/code/resources/app/out/vs/workbench/workbench.main.js:3979:379)
    at e.wrapError (file:///usr/share/code/resources/app/out/vs/workbench/workbench.main.js:3983:262)
    at file:///usr/share/code/resources/app/out/vs/workbench/workbench.main.js:3987:568
    at Object.g [as _notify] (file:///usr/share/code/resources/app/out/vs/workbench/workbench.main.js:150:807)
    at Object.enter (file:///usr/share/code/resources/app/out/vs/workbench/workbench.main.js:154:85)
    at n.Class.derive._creator._run (file:///usr/share/code/resources/app/out/vs/workbench/workbench.main.js:155:896)
    at n.Class.derive._creator._completed (file:///usr/share/code/resources/app/out/vs/workbench/workbench.main.js:155:337)
    at n.Class.derive._creator.then (file:///usr/share/code/resources/app/out/vs/workbench/workbench.main.js:157:366)
    at Object.enter (file:///usr/share/code/resources/app/out/vs/workbench/workbench.main.js:153:184)
    at n.Class.derive._creator._run (file:///usr/share/code/resources/app/out/vs/workbench/workbench.main.js:155:896)
    at n.Class.derive._creator._setCompleteValue (file:///usr/share/code/resources/app/out/vs/workbench/workbench.main.js:155:590)
    at Object.g [as _notify] (file:///usr/share/code/resources/app/out/vs/workbench/workbench.main.js:150:787)
    at Object.enter (file:///usr/share/code/resources/app/out/vs/workbench/workbench.main.js:154:85)
    at n.Class.derive._creator._run (file:///usr/share/code/resources/app/out/vs/workbench/workbench.main.js:155:896)
    at n.Class.derive._creator._completed (file:///usr/share/code/resources/app/out/vs/workbench/workbench.main.js:155:337)
    at n.Class.define.cancel.then (file:///usr/share/code/resources/app/out/vs/workbench/workbench.main.js:157:366)
    at Object.enter (file:///usr/share/code/resources/app/out/vs/workbench/workbench.main.js:153:184)
    at n.Class.derive._creator._run (file:///usr/share/code/resources/app/out/vs/workbench/workbench.main.js:155:896)
    at n.Class.derive._creator._setCompleteValue (file:///usr/share/code/resources/app/out/vs/workbench/workbench.main.js:155:590)
    at Object.g [as _notify] (file:///usr/share/code/resources/app/out/vs/workbench/workbench.main.js:150:787)
    at Object.enter (file:///usr/share/code/resources/app/out/vs/workbench/workbench.main.js:154:85)
    at n.Class.derive._oncancel._run (file:///usr/share/code/resources/app/out/vs/workbench/workbench.main.js:155:896)
    at n.Class.derive._oncancel._completed (file:///usr/share/code/resources/app/out/vs/workbench/workbench.main.js:155:337)
    at file:///usr/share/code/resources/app/out/vs/workbench/workbench.main.js:199:98
    at file:///usr/share/code/resources/app/out/vs/workbench/workbench.main.js:287:124
    at /usr/share/code/resources/app/node_modules.asar/graceful-fs/polyfills.js:287:18
    at FSReqWrap.oncomplete (original-fs.js:114:15)
[2018-07-24 18:37:24.865] [renderer1] [error] Unable to write into user settings because the file is dirty. Please save the user settings file first and then try again.: Error: Unable to write into user settings because the file is dirty. Please save the user settings file first and then try again.
    at new t (file:///usr/share/code/resources/app/out/vs/workbench/workbench.main.js:3979:379)
    at e.wrapError (file:///usr/share/code/resources/app/out/vs/workbench/workbench.main.js:3983:262)
    at file:///usr/share/code/resources/app/out/vs/workbench/workbench.main.js:3987:568
    at Object.g [as _notify] (file:///usr/share/code/resources/app/out/vs/workbench/workbench.main.js:150:807)
    at Object.enter (file:///usr/share/code/resources/app/out/vs/workbench/workbench.main.js:154:85)
    at n.Class.derive._creator._run (file:///usr/share/code/resources/app/out/vs/workbench/workbench.main.js:155:896)
    at n.Class.derive._creator._completed (file:///usr/share/code/resources/app/out/vs/workbench/workbench.main.js:155:337)
    at n.Class.derive._creator.then (file:///usr/share/code/resources/app/out/vs/workbench/workbench.main.js:157:366)
    at Object.enter (file:///usr/share/code/resources/app/out/vs/workbench/workbench.main.js:153:184)
    at n.Class.derive._creator._run (file:///usr/share/code/resources/app/out/vs/workbench/workbench.main.js:155:896)
    at n.Class.derive._creator._setCompleteValue (file:///usr/share/code/resources/app/out/vs/workbench/workbench.main.js:155:590)
    at Object.g [as _notify] (file:///usr/share/code/resources/app/out/vs/workbench/workbench.main.js:150:787)
    at Object.enter (file:///usr/share/code/resources/app/out/vs/workbench/workbench.main.js:154:85)
    at n.Class.derive._creator._run (file:///usr/share/code/resources/app/out/vs/workbench/workbench.main.js:155:896)
    at n.Class.derive._creator._completed (file:///usr/share/code/resources/app/out/vs/workbench/workbench.main.js:155:337)
    at n.Class.define.cancel.then (file:///usr/share/code/resources/app/out/vs/workbench/workbench.main.js:157:366)
    at Object.enter (file:///usr/share/code/resources/app/out/vs/workbench/workbench.main.js:153:184)
    at n.Class.derive._creator._run (file:///usr/share/code/resources/app/out/vs/workbench/workbench.main.js:155:896)
    at n.Class.derive._creator._setCompleteValue (file:///usr/share/code/resources/app/out/vs/workbench/workbench.main.js:155:590)
    at Object.g [as _notify] (file:///usr/share/code/resources/app/out/vs/workbench/workbench.main.js:150:787)
    at Object.enter (file:///usr/share/code/resources/app/out/vs/workbench/workbench.main.js:154:85)
    at n.Class.derive._oncancel._run (file:///usr/share/code/resources/app/out/vs/workbench/workbench.main.js:155:896)
    at n.Class.derive._oncancel._completed (file:///usr/share/code/resources/app/out/vs/workbench/workbench.main.js:155:337)
    at file:///usr/share/code/resources/app/out/vs/workbench/workbench.main.js:199:98
    at file:///usr/share/code/resources/app/out/vs/workbench/workbench.main.js:287:124
    at /usr/share/code/resources/app/node_modules.asar/graceful-fs/polyfills.js:287:18
    at FSReqWrap.oncomplete (original-fs.js:114:15)
[2018-07-24 18:37:34.551] [renderer1] [error] Unable to write into user settings because the file is dirty. Please save the user settings file first and then try again.: Error: Unable to write into user settings because the file is dirty. Please save the user settings file first and then try again.
    at new t (file:///usr/share/code/resources/app/out/vs/workbench/workbench.main.js:3979:379)
    at e.wrapError (file:///usr/share/code/resources/app/out/vs/workbench/workbench.main.js:3983:262)
    at file:///usr/share/code/resources/app/out/vs/workbench/workbench.main.js:3987:568
    at Object.g [as _notify] (file:///usr/share/code/resources/app/out/vs/workbench/workbench.main.js:150:807)
    at Object.enter (file:///usr/share/code/resources/app/out/vs/workbench/workbench.main.js:154:85)
    at n.Class.derive._creator._run (file:///usr/share/code/resources/app/out/vs/workbench/workbench.main.js:155:896)
    at n.Class.derive._creator._completed (file:///usr/share/code/resources/app/out/vs/workbench/workbench.main.js:155:337)
    at n.Class.derive._creator.then (file:///usr/share/code/resources/app/out/vs/workbench/workbench.main.js:157:366)
    at Object.enter (file:///usr/share/code/resources/app/out/vs/workbench/workbench.main.js:153:184)
    at n.Class.derive._creator._run (file:///usr/share/code/resources/app/out/vs/workbench/workbench.main.js:155:896)
    at n.Class.derive._creator._setCompleteValue (file:///usr/share/code/resources/app/out/vs/workbench/workbench.main.js:155:590)
    at Object.g [as _notify] (file:///usr/share/code/resources/app/out/vs/workbench/workbench.main.js:150:787)
    at Object.enter (file:///usr/share/code/resources/app/out/vs/workbench/workbench.main.js:154:85)
    at n.Class.derive._creator._run (file:///usr/share/code/resources/app/out/vs/workbench/workbench.main.js:155:896)
    at n.Class.derive._creator._completed (file:///usr/share/code/resources/app/out/vs/workbench/workbench.main.js:155:337)
    at n.Class.define.cancel.then (file:///usr/share/code/resources/app/out/vs/workbench/workbench.main.js:157:366)
    at Object.enter (file:///usr/share/code/resources/app/out/vs/workbench/workbench.main.js:153:184)
    at n.Class.derive._creator._run (file:///usr/share/code/resources/app/out/vs/workbench/workbench.main.js:155:896)
    at n.Class.derive._creator._setCompleteValue (file:///usr/share/code/resources/app/out/vs/workbench/workbench.main.js:155:590)
    at Object.g [as _notify] (file:///usr/share/code/resources/app/out/vs/workbench/workbench.main.js:150:787)
    at Object.enter (file:///usr/share/code/resources/app/out/vs/workbench/workbench.main.js:154:85)
    at n.Class.derive._oncancel._run (file:///usr/share/code/resources/app/out/vs/workbench/workbench.main.js:155:896)
    at n.Class.derive._oncancel._completed (file:///usr/share/code/resources/app/out/vs/workbench/workbench.main.js:155:337)
    at file:///usr/share/code/resources/app/out/vs/workbench/workbench.main.js:199:98
    at file:///usr/share/code/resources/app/out/vs/workbench/workbench.main.js:287:124
    at /usr/share/code/resources/app/node_modules.asar/graceful-fs/polyfills.js:287:18
    at FSReqWrap.oncomplete (original-fs.js:114:15)
[2018-07-24 18:37:44.118] [renderer1] [error] Unable to write into user settings because the file is dirty. Please save the user settings file first and then try again.: Error: Unable to write into user settings because the file is dirty. Please save the user settings file first and then try again.
    at new t (file:///usr/share/code/resources/app/out/vs/workbench/workbench.main.js:3979:379)
    at e.wrapError (file:///usr/share/code/resources/app/out/vs/workbench/workbench.main.js:3983:262)
    at file:///usr/share/code/resources/app/out/vs/workbench/workbench.main.js:3987:568
    at Object.g [as _notify] (file:///usr/share/code/resources/app/out/vs/workbench/workbench.main.js:150:807)
    at Object.enter (file:///usr/share/code/resources/app/out/vs/workbench/workbench.main.js:154:85)
    at n.Class.derive._creator._run (file:///usr/share/code/resources/app/out/vs/workbench/workbench.main.js:155:896)
    at n.Class.derive._creator._completed (file:///usr/share/code/resources/app/out/vs/workbench/workbench.main.js:155:337)
    at n.Class.derive._creator.then (file:///usr/share/code/resources/app/out/vs/workbench/workbench.main.js:157:366)
    at Object.enter (file:///usr/share/code/resources/app/out/vs/workbench/workbench.main.js:153:184)
    at n.Class.derive._creator._run (file:///usr/share/code/resources/app/out/vs/workbench/workbench.main.js:155:896)
    at n.Class.derive._creator._setCompleteValue (file:///usr/share/code/resources/app/out/vs/workbench/workbench.main.js:155:590)
    at Object.g [as _notify] (file:///usr/share/code/resources/app/out/vs/workbench/workbench.main.js:150:787)
    at Object.enter (file:///usr/share/code/resources/app/out/vs/workbench/workbench.main.js:154:85)
    at n.Class.derive._creator._run (file:///usr/share/code/resources/app/out/vs/workbench/workbench.main.js:155:896)
    at n.Class.derive._creator._completed (file:///usr/share/code/resources/app/out/vs/workbench/workbench.main.js:155:337)
    at n.Class.define.cancel.then (file:///usr/share/code/resources/app/out/vs/workbench/workbench.main.js:157:366)
    at Object.enter (file:///usr/share/code/resources/app/out/vs/workbench/workbench.main.js:153:184)
    at n.Class.derive._creator._run (file:///usr/share/code/resources/app/out/vs/workbench/workbench.main.js:155:896)
    at n.Class.derive._creator._setCompleteValue (file:///usr/share/code/resources/app/out/vs/workbench/workbench.main.js:155:590)
    at Object.g [as _notify] (file:///usr/share/code/resources/app/out/vs/workbench/workbench.main.js:150:787)
    at Object.enter (file:///usr/share/code/resources/app/out/vs/workbench/workbench.main.js:154:85)
    at n.Class.derive._oncancel._run (file:///usr/share/code/resources/app/out/vs/workbench/workbench.main.js:155:896)
    at n.Class.derive._oncancel._completed (file:///usr/share/code/resources/app/out/vs/workbench/workbench.main.js:155:337)
    at file:///usr/share/code/resources/app/out/vs/workbench/workbench.main.js:199:98
    at file:///usr/share/code/resources/app/out/vs/workbench/workbench.main.js:287:124
    at /usr/share/code/resources/app/node_modules.asar/graceful-fs/polyfills.js:287:18
    at FSReqWrap.oncomplete (original-fs.js:114:15)
[2018-07-24 18:37:52.735] [renderer1] [error] Unable to write into user settings because the file is dirty. Please save the user settings file first and then try again.: Error: Unable to write into user settings because the file is dirty. Please save the user settings file first and then try again.
    at new t (file:///usr/share/code/resources/app/out/vs/workbench/workbench.main.js:3979:379)
    at e.wrapError (file:///usr/share/code/resources/app/out/vs/workbench/workbench.main.js:3983:262)
    at file:///usr/share/code/resources/app/out/vs/workbench/workbench.main.js:3987:568
    at Object.g [as _notify] (file:///usr/share/code/resources/app/out/vs/workbench/workbench.main.js:150:807)
    at Object.enter (file:///usr/share/code/resources/app/out/vs/workbench/workbench.main.js:154:85)
    at n.Class.derive._creator._run (file:///usr/share/code/resources/app/out/vs/workbench/workbench.main.js:155:896)
    at n.Class.derive._creator._completed (file:///usr/share/code/resources/app/out/vs/workbench/workbench.main.js:155:337)
    at n.Class.derive._creator.then (file:///usr/share/code/resources/app/out/vs/workbench/workbench.main.js:157:366)
    at Object.enter (file:///usr/share/code/resources/app/out/vs/workbench/workbench.main.js:153:184)
    at n.Class.derive._creator._run (file:///usr/share/code/resources/app/out/vs/workbench/workbench.main.js:155:896)
    at n.Class.derive._creator._setCompleteValue (file:///usr/share/code/resources/app/out/vs/workbench/workbench.main.js:155:590)
    at Object.g [as _notify] (file:///usr/share/code/resources/app/out/vs/workbench/workbench.main.js:150:787)
    at Object.enter (file:///usr/share/code/resources/app/out/vs/workbench/workbench.main.js:154:85)
    at n.Class.derive._creator._run (file:///usr/share/code/resources/app/out/vs/workbench/workbench.main.js:155:896)
    at n.Class.derive._creator._completed (file:///usr/share/code/resources/app/out/vs/workbench/workbench.main.js:155:337)
    at n.Class.define.cancel.then (file:///usr/share/code/resources/app/out/vs/workbench/workbench.main.js:157:366)
    at Object.enter (file:///usr/share/code/resources/app/out/vs/workbench/workbench.main.js:153:184)
    at n.Class.derive._creator._run (file:///usr/share/code/resources/app/out/vs/workbench/workbench.main.js:155:896)
    at n.Class.derive._creator._setCompleteValue (file:///usr/share/code/resources/app/out/vs/workbench/workbench.main.js:155:590)
    at Object.g [as _notify] (file:///usr/share/code/resources/app/out/vs/workbench/workbench.main.js:150:787)
    at Object.enter (file:///usr/share/code/resources/app/out/vs/workbench/workbench.main.js:154:85)
    at n.Class.derive._oncancel._run (file:///usr/share/code/resources/app/out/vs/workbench/workbench.main.js:155:896)
    at n.Class.derive._oncancel._completed (file:///usr/share/code/resources/app/out/vs/workbench/workbench.main.js:155:337)
    at file:///usr/share/code/resources/app/out/vs/workbench/workbench.main.js:199:98
    at file:///usr/share/code/resources/app/out/vs/workbench/workbench.main.js:287:124
    at /usr/share/code/resources/app/node_modules.asar/graceful-fs/polyfills.js:287:18
    at FSReqWrap.oncomplete (original-fs.js:114:15)
[2018-07-24 18:37:56.146] [renderer1] [error] Unable to write into user settings because the file is dirty. Please save the user settings file first and then try again.: Error: Unable to write into user settings because the file is dirty. Please save the user settings file first and then try again.
    at new t (file:///usr/share/code/resources/app/out/vs/workbench/workbench.main.js:3979:379)
    at e.wrapError (file:///usr/share/code/resources/app/out/vs/workbench/workbench.main.js:3983:262)
    at file:///usr/share/code/resources/app/out/vs/workbench/workbench.main.js:3987:568
    at Object.g [as _notify] (file:///usr/share/code/resources/app/out/vs/workbench/workbench.main.js:150:807)
    at Object.enter (file:///usr/share/code/resources/app/out/vs/workbench/workbench.main.js:154:85)
    at n.Class.derive._creator._run (file:///usr/share/code/resources/app/out/vs/workbench/workbench.main.js:155:896)
    at n.Class.derive._creator._completed (file:///usr/share/code/resources/app/out/vs/workbench/workbench.main.js:155:337)
    at n.Class.derive._creator.then (file:///usr/share/code/resources/app/out/vs/workbench/workbench.main.js:157:366)
    at Object.enter (file:///usr/share/code/resources/app/out/vs/workbench/workbench.main.js:153:184)
    at n.Class.derive._creator._run (file:///usr/share/code/resources/app/out/vs/workbench/workbench.main.js:155:896)
    at n.Class.derive._creator._setCompleteValue (file:///usr/share/code/resources/app/out/vs/workbench/workbench.main.js:155:590)
    at Object.g [as _notify] (file:///usr/share/code/resources/app/out/vs/workbench/workbench.main.js:150:787)
    at Object.enter (file:///usr/share/code/resources/app/out/vs/workbench/workbench.main.js:154:85)
    at n.Class.derive._creator._run (file:///usr/share/code/resources/app/out/vs/workbench/workbench.main.js:155:896)
    at n.Class.derive._creator._completed (file:///usr/share/code/resources/app/out/vs/workbench/workbench.main.js:155:337)
    at n.Class.define.cancel.then (file:///usr/share/code/resources/app/out/vs/workbench/workbench.main.js:157:366)
    at Object.enter (file:///usr/share/code/resources/app/out/vs/workbench/workbench.main.js:153:184)
    at n.Class.derive._creator._run (file:///usr/share/code/resources/app/out/vs/workbench/workbench.main.js:155:896)
    at n.Class.derive._creator._setCompleteValue (file:///usr/share/code/resources/app/out/vs/workbench/workbench.main.js:155:590)
    at Object.g [as _notify] (file:///usr/share/code/resources/app/out/vs/workbench/workbench.main.js:150:787)
    at Object.enter (file:///usr/share/code/resources/app/out/vs/workbench/workbench.main.js:154:85)
    at n.Class.derive._oncancel._run (file:///usr/share/code/resources/app/out/vs/workbench/workbench.main.js:155:896)
    at n.Class.derive._oncancel._completed (file:///usr/share/code/resources/app/out/vs/workbench/workbench.main.js:155:337)
    at file:///usr/share/code/resources/app/out/vs/workbench/workbench.main.js:199:98
    at file:///usr/share/code/resources/app/out/vs/workbench/workbench.main.js:287:124
    at /usr/share/code/resources/app/node_modules.asar/graceful-fs/polyfills.js:287:18
    at FSReqWrap.oncomplete (original-fs.js:114:15)
