[2018-07-25 09:05:25.178] [renderer1] [info] no standard startup: not the explorer viewlet
[2018-07-25 09:06:07.897] [renderer1] [error] Unable to write into user settings. Please open the user settings to correct errors/warnings in it and try again.: Error: Unable to write into user settings. Please open the user settings to correct errors/warnings in it and try again.
    at new t (file:///usr/share/code/resources/app/out/vs/workbench/workbench.main.js:3979:379)
    at e.wrapError (file:///usr/share/code/resources/app/out/vs/workbench/workbench.main.js:3983:262)
    at file:///usr/share/code/resources/app/out/vs/workbench/workbench.main.js:3987:480
    at Object.g [as _notify] (file:///usr/share/code/resources/app/out/vs/workbench/workbench.main.js:150:807)
    at Object.enter (file:///usr/share/code/resources/app/out/vs/workbench/workbench.main.js:154:85)
    at n.Class.derive._creator._run (file:///usr/share/code/resources/app/out/vs/workbench/workbench.main.js:155:896)
    at n.Class.derive._creator._completed (file:///usr/share/code/resources/app/out/vs/workbench/workbench.main.js:155:337)
    at n.Class.derive._creator.then (file:///usr/share/code/resources/app/out/vs/workbench/workbench.main.js:157:366)
    at Object.enter (file:///usr/share/code/resources/app/out/vs/workbench/workbench.main.js:153:184)
    at n.Class.derive._creator._run (file:///usr/share/code/resources/app/out/vs/workbench/workbench.main.js:155:896)
    at n.Class.derive._creator._setCompleteValue (file:///usr/share/code/resources/app/out/vs/workbench/workbench.main.js:155:590)
    at Object.g [as _notify] (file:///usr/share/code/resources/app/out/vs/workbench/workbench.main.js:150:787)
    at Object.enter (file:///usr/share/code/resources/app/out/vs/workbench/workbench.main.js:154:85)
    at n.Class.derive._creator._run (file:///usr/share/code/resources/app/out/vs/workbench/workbench.main.js:155:896)
    at n.Class.derive._creator._completed (file:///usr/share/code/resources/app/out/vs/workbench/workbench.main.js:155:337)
    at n.Class.define.cancel.then (file:///usr/share/code/resources/app/out/vs/workbench/workbench.main.js:157:366)
    at Object.enter (file:///usr/share/code/resources/app/out/vs/workbench/workbench.main.js:153:184)
    at n.Class.derive._creator._run (file:///usr/share/code/resources/app/out/vs/workbench/workbench.main.js:155:896)
    at n.Class.derive._creator._setCompleteValue (file:///usr/share/code/resources/app/out/vs/workbench/workbench.main.js:155:590)
    at Object.g [as _notify] (file:///usr/share/code/resources/app/out/vs/workbench/workbench.main.js:150:787)
    at Object.enter (file:///usr/share/code/resources/app/out/vs/workbench/workbench.main.js:154:85)
    at n.Class.derive._oncancel._run (file:///usr/share/code/resources/app/out/vs/workbench/workbench.main.js:155:896)
    at n.Class.derive._oncancel._completed (file:///usr/share/code/resources/app/out/vs/workbench/workbench.main.js:155:337)
    at file:///usr/share/code/resources/app/out/vs/workbench/workbench.main.js:199:98
    at file:///usr/share/code/resources/app/out/vs/workbench/workbench.main.js:287:124
    at /usr/share/code/resources/app/node_modules.asar/graceful-fs/polyfills.js:287:18
    at FSReqWrap.oncomplete (original-fs.js:114:15)
[2018-07-25 09:06:10.703] [renderer1] [error] Unable to write into user settings. Please open the user settings to correct errors/warnings in it and try again.: Error: Unable to write into user settings. Please open the user settings to correct errors/warnings in it and try again.
    at new t (file:///usr/share/code/resources/app/out/vs/workbench/workbench.main.js:3979:379)
    at e.wrapError (file:///usr/share/code/resources/app/out/vs/workbench/workbench.main.js:3983:262)
    at file:///usr/share/code/resources/app/out/vs/workbench/workbench.main.js:3987:480
    at Object.g [as _notify] (file:///usr/share/code/resources/app/out/vs/workbench/workbench.main.js:150:807)
    at Object.enter (file:///usr/share/code/resources/app/out/vs/workbench/workbench.main.js:154:85)
    at n.Class.derive._creator._run (file:///usr/share/code/resources/app/out/vs/workbench/workbench.main.js:155:896)
    at n.Class.derive._creator._completed (file:///usr/share/code/resources/app/out/vs/workbench/workbench.main.js:155:337)
    at n.Class.derive._creator.then (file:///usr/share/code/resources/app/out/vs/workbench/workbench.main.js:157:366)
    at Object.enter (file:///usr/share/code/resources/app/out/vs/workbench/workbench.main.js:153:184)
    at n.Class.derive._creator._run (file:///usr/share/code/resources/app/out/vs/workbench/workbench.main.js:155:896)
    at n.Class.derive._creator._setCompleteValue (file:///usr/share/code/resources/app/out/vs/workbench/workbench.main.js:155:590)
    at Object.g [as _notify] (file:///usr/share/code/resources/app/out/vs/workbench/workbench.main.js:150:787)
    at Object.enter (file:///usr/share/code/resources/app/out/vs/workbench/workbench.main.js:154:85)
    at n.Class.derive._creator._run (file:///usr/share/code/resources/app/out/vs/workbench/workbench.main.js:155:896)
    at n.Class.derive._creator._completed (file:///usr/share/code/resources/app/out/vs/workbench/workbench.main.js:155:337)
    at n.Class.define.cancel.then (file:///usr/share/code/resources/app/out/vs/workbench/workbench.main.js:157:366)
    at Object.enter (file:///usr/share/code/resources/app/out/vs/workbench/workbench.main.js:153:184)
    at n.Class.derive._creator._run (file:///usr/share/code/resources/app/out/vs/workbench/workbench.main.js:155:896)
    at n.Class.derive._creator._setCompleteValue (file:///usr/share/code/resources/app/out/vs/workbench/workbench.main.js:155:590)
    at Object.g [as _notify] (file:///usr/share/code/resources/app/out/vs/workbench/workbench.main.js:150:787)
    at Object.enter (file:///usr/share/code/resources/app/out/vs/workbench/workbench.main.js:154:85)
    at n.Class.derive._oncancel._run (file:///usr/share/code/resources/app/out/vs/workbench/workbench.main.js:155:896)
    at n.Class.derive._oncancel._completed (file:///usr/share/code/resources/app/out/vs/workbench/workbench.main.js:155:337)
    at file:///usr/share/code/resources/app/out/vs/workbench/workbench.main.js:199:98
    at file:///usr/share/code/resources/app/out/vs/workbench/workbench.main.js:287:124
    at /usr/share/code/resources/app/node_modules.asar/graceful-fs/polyfills.js:287:18
    at FSReqWrap.oncomplete (original-fs.js:114:15)
[2018-07-25 09:06:11.858] [renderer1] [error] Unable to write into user settings. Please open the user settings to correct errors/warnings in it and try again.: Error: Unable to write into user settings. Please open the user settings to correct errors/warnings in it and try again.
    at new t (file:///usr/share/code/resources/app/out/vs/workbench/workbench.main.js:3979:379)
    at e.wrapError (file:///usr/share/code/resources/app/out/vs/workbench/workbench.main.js:3983:262)
    at file:///usr/share/code/resources/app/out/vs/workbench/workbench.main.js:3987:480
    at Object.g [as _notify] (file:///usr/share/code/resources/app/out/vs/workbench/workbench.main.js:150:807)
    at Object.enter (file:///usr/share/code/resources/app/out/vs/workbench/workbench.main.js:154:85)
    at n.Class.derive._creator._run (file:///usr/share/code/resources/app/out/vs/workbench/workbench.main.js:155:896)
    at n.Class.derive._creator._completed (file:///usr/share/code/resources/app/out/vs/workbench/workbench.main.js:155:337)
    at n.Class.derive._creator.then (file:///usr/share/code/resources/app/out/vs/workbench/workbench.main.js:157:366)
    at Object.enter (file:///usr/share/code/resources/app/out/vs/workbench/workbench.main.js:153:184)
    at n.Class.derive._creator._run (file:///usr/share/code/resources/app/out/vs/workbench/workbench.main.js:155:896)
    at n.Class.derive._creator._setCompleteValue (file:///usr/share/code/resources/app/out/vs/workbench/workbench.main.js:155:590)
    at Object.g [as _notify] (file:///usr/share/code/resources/app/out/vs/workbench/workbench.main.js:150:787)
    at Object.enter (file:///usr/share/code/resources/app/out/vs/workbench/workbench.main.js:154:85)
    at n.Class.derive._creator._run (file:///usr/share/code/resources/app/out/vs/workbench/workbench.main.js:155:896)
    at n.Class.derive._creator._completed (file:///usr/share/code/resources/app/out/vs/workbench/workbench.main.js:155:337)
    at n.Class.define.cancel.then (file:///usr/share/code/resources/app/out/vs/workbench/workbench.main.js:157:366)
    at Object.enter (file:///usr/share/code/resources/app/out/vs/workbench/workbench.main.js:153:184)
    at n.Class.derive._creator._run (file:///usr/share/code/resources/app/out/vs/workbench/workbench.main.js:155:896)
    at n.Class.derive._creator._setCompleteValue (file:///usr/share/code/resources/app/out/vs/workbench/workbench.main.js:155:590)
    at Object.g [as _notify] (file:///usr/share/code/resources/app/out/vs/workbench/workbench.main.js:150:787)
    at Object.enter (file:///usr/share/code/resources/app/out/vs/workbench/workbench.main.js:154:85)
    at n.Class.derive._oncancel._run (file:///usr/share/code/resources/app/out/vs/workbench/workbench.main.js:155:896)
    at n.Class.derive._oncancel._completed (file:///usr/share/code/resources/app/out/vs/workbench/workbench.main.js:155:337)
    at file:///usr/share/code/resources/app/out/vs/workbench/workbench.main.js:199:98
    at file:///usr/share/code/resources/app/out/vs/workbench/workbench.main.js:287:124
    at /usr/share/code/resources/app/node_modules.asar/graceful-fs/polyfills.js:287:18
    at FSReqWrap.oncomplete (original-fs.js:114:15)
[2018-07-25 09:06:14.114] [renderer1] [error] Unable to write into user settings. Please open the user settings to correct errors/warnings in it and try again.: Error: Unable to write into user settings. Please open the user settings to correct errors/warnings in it and try again.
    at new t (file:///usr/share/code/resources/app/out/vs/workbench/workbench.main.js:3979:379)
    at e.wrapError (file:///usr/share/code/resources/app/out/vs/workbench/workbench.main.js:3983:262)
    at file:///usr/share/code/resources/app/out/vs/workbench/workbench.main.js:3987:480
    at Object.g [as _notify] (file:///usr/share/code/resources/app/out/vs/workbench/workbench.main.js:150:807)
    at Object.enter (file:///usr/share/code/resources/app/out/vs/workbench/workbench.main.js:154:85)
    at n.Class.derive._creator._run (file:///usr/share/code/resources/app/out/vs/workbench/workbench.main.js:155:896)
    at n.Class.derive._creator._completed (file:///usr/share/code/resources/app/out/vs/workbench/workbench.main.js:155:337)
    at n.Class.derive._creator.then (file:///usr/share/code/resources/app/out/vs/workbench/workbench.main.js:157:366)
    at Object.enter (file:///usr/share/code/resources/app/out/vs/workbench/workbench.main.js:153:184)
    at n.Class.derive._creator._run (file:///usr/share/code/resources/app/out/vs/workbench/workbench.main.js:155:896)
    at n.Class.derive._creator._setCompleteValue (file:///usr/share/code/resources/app/out/vs/workbench/workbench.main.js:155:590)
    at Object.g [as _notify] (file:///usr/share/code/resources/app/out/vs/workbench/workbench.main.js:150:787)
    at Object.enter (file:///usr/share/code/resources/app/out/vs/workbench/workbench.main.js:154:85)
    at n.Class.derive._creator._run (file:///usr/share/code/resources/app/out/vs/workbench/workbench.main.js:155:896)
    at n.Class.derive._creator._completed (file:///usr/share/code/resources/app/out/vs/workbench/workbench.main.js:155:337)
    at n.Class.define.cancel.then (file:///usr/share/code/resources/app/out/vs/workbench/workbench.main.js:157:366)
    at Object.enter (file:///usr/share/code/resources/app/out/vs/workbench/workbench.main.js:153:184)
    at n.Class.derive._creator._run (file:///usr/share/code/resources/app/out/vs/workbench/workbench.main.js:155:896)
    at n.Class.derive._creator._setCompleteValue (file:///usr/share/code/resources/app/out/vs/workbench/workbench.main.js:155:590)
    at Object.g [as _notify] (file:///usr/share/code/resources/app/out/vs/workbench/workbench.main.js:150:787)
    at Object.enter (file:///usr/share/code/resources/app/out/vs/workbench/workbench.main.js:154:85)
    at n.Class.derive._oncancel._run (file:///usr/share/code/resources/app/out/vs/workbench/workbench.main.js:155:896)
    at n.Class.derive._oncancel._completed (file:///usr/share/code/resources/app/out/vs/workbench/workbench.main.js:155:337)
    at file:///usr/share/code/resources/app/out/vs/workbench/workbench.main.js:199:98
    at file:///usr/share/code/resources/app/out/vs/workbench/workbench.main.js:287:124
    at /usr/share/code/resources/app/node_modules.asar/graceful-fs/polyfills.js:287:18
    at FSReqWrap.oncomplete (original-fs.js:114:15)
